
Logging initialized using configuration in jar:file:/home/ubuntu/software/hive-1.2.1/lib/hive-common-1.2.1.jar!/hive-log4j.properties
Hive history file=/tmp/ubuntu/hive_job_log_ca0727f2-b5d2-4bdd-b59d-ee54044a867f_130938738.txt
SLF4J: Class path contains multiple SLF4J bindings.
SLF4J: Found binding in [jar:file:/home/ubuntu/software/tez-0.7.1-SNAPSHOT-minimal/lib/slf4j-log4j12-1.7.5.jar!/org/slf4j/impl/StaticLoggerBinder.class]
SLF4J: Found binding in [jar:file:/home/ubuntu/software/hadoop-2.6.0/share/hadoop/common/lib/slf4j-log4j12-1.7.5.jar!/org/slf4j/impl/StaticLoggerBinder.class]
SLF4J: See http://www.slf4j.org/codes.html#multiple_bindings for an explanation.
SLF4J: Actual binding is of type [org.slf4j.impl.Log4jLoggerFactory]
OK
Time taken: 1.254 seconds
Query ID = ubuntu_20150920212447_657891ca-7a24-44c1-932e-e1b27b96d528
Total jobs = 1
Launching Job 1 out of 1


Status: Running (Executing on YARN cluster with App id application_1442094837470_0125)

Map 1: -/-	Map 5: -/-	Map 6: -/-	Reducer 2: 0/1	Reducer 3: 0/1	Reducer 4: 0/1	
Map 1: 0/50	Map 5: 0/1	Map 6: 0/1	Reducer 2: 0/1	Reducer 3: 0/1	Reducer 4: 0/1	
Map 1: 0(+2)/50	Map 5: 0(+1)/1	Map 6: 0(+1)/1	Reducer 2: 0/1	Reducer 3: 0/1	Reducer 4: 0/1	
Map 1: 0(+6)/50	Map 5: 0(+1)/1	Map 6: 0(+1)/1	Reducer 2: 0/1	Reducer 3: 0/1	Reducer 4: 0/1	
Map 1: 0(+10)/50	Map 5: 0(+1)/1	Map 6: 0(+1)/1	Reducer 2: 0/1	Reducer 3: 0/1	Reducer 4: 0/1	
Map 1: 0(+14)/50	Map 5: 0(+1)/1	Map 6: 0(+1)/1	Reducer 2: 0/1	Reducer 3: 0/1	Reducer 4: 0/1	
Map 1: 0(+14)/50	Map 5: 0(+1)/1	Map 6: 1/1	Reducer 2: 0/1	Reducer 3: 0/1	Reducer 4: 0/1	
Map 1: 0(+14)/50	Map 5: 1/1	Map 6: 1/1	Reducer 2: 0/1	Reducer 3: 0/1	Reducer 4: 0/1	
Map 1: 0(+15)/50	Map 5: 1/1	Map 6: 1/1	Reducer 2: 0/1	Reducer 3: 0/1	Reducer 4: 0/1	
Map 1: 0(+16)/50	Map 5: 1/1	Map 6: 1/1	Reducer 2: 0/1	Reducer 3: 0/1	Reducer 4: 0/1	
Map 1: 1(+14)/50	Map 5: 1/1	Map 6: 1/1	Reducer 2: 0/1	Reducer 3: 0/1	Reducer 4: 0/1	
Map 1: 2(+14)/50	Map 5: 1/1	Map 6: 1/1	Reducer 2: 0/1	Reducer 3: 0/1	Reducer 4: 0/1	
Map 1: 2(+15)/50	Map 5: 1/1	Map 6: 1/1	Reducer 2: 0/1	Reducer 3: 0/1	Reducer 4: 0/1	
Map 1: 2(+16)/50	Map 5: 1/1	Map 6: 1/1	Reducer 2: 0/1	Reducer 3: 0/1	Reducer 4: 0/1	
Map 1: 3(+15)/50	Map 5: 1/1	Map 6: 1/1	Reducer 2: 0/1	Reducer 3: 0/1	Reducer 4: 0/1	
Map 1: 5(+13)/50	Map 5: 1/1	Map 6: 1/1	Reducer 2: 0/1	Reducer 3: 0/1	Reducer 4: 0/1	
Map 1: 6(+12)/50	Map 5: 1/1	Map 6: 1/1	Reducer 2: 0/1	Reducer 3: 0/1	Reducer 4: 0/1	
Map 1: 8(+10)/50	Map 5: 1/1	Map 6: 1/1	Reducer 2: 0/1	Reducer 3: 0/1	Reducer 4: 0/1	
Map 1: 10(+8)/50	Map 5: 1/1	Map 6: 1/1	Reducer 2: 0/1	Reducer 3: 0/1	Reducer 4: 0/1	
Map 1: 12(+6)/50	Map 5: 1/1	Map 6: 1/1	Reducer 2: 0/1	Reducer 3: 0/1	Reducer 4: 0/1	
Map 1: 13(+5)/50	Map 5: 1/1	Map 6: 1/1	Reducer 2: 0/1	Reducer 3: 0/1	Reducer 4: 0/1	
Map 1: 15(+3)/50	Map 5: 1/1	Map 6: 1/1	Reducer 2: 0/1	Reducer 3: 0/1	Reducer 4: 0/1	
Map 1: 15(+5)/50	Map 5: 1/1	Map 6: 1/1	Reducer 2: 0/1	Reducer 3: 0/1	Reducer 4: 0/1	
Map 1: 16(+4)/50	Map 5: 1/1	Map 6: 1/1	Reducer 2: 0/1	Reducer 3: 0/1	Reducer 4: 0/1	
Map 1: 16(+6)/50	Map 5: 1/1	Map 6: 1/1	Reducer 2: 0/1	Reducer 3: 0/1	Reducer 4: 0/1	
Map 1: 16(+7)/50	Map 5: 1/1	Map 6: 1/1	Reducer 2: 0/1	Reducer 3: 0/1	Reducer 4: 0/1	
Map 1: 16(+8)/50	Map 5: 1/1	Map 6: 1/1	Reducer 2: 0/1	Reducer 3: 0/1	Reducer 4: 0/1	
Map 1: 16(+10)/50	Map 5: 1/1	Map 6: 1/1	Reducer 2: 0/1	Reducer 3: 0/1	Reducer 4: 0/1	
Map 1: 16(+12)/50	Map 5: 1/1	Map 6: 1/1	Reducer 2: 0/1	Reducer 3: 0/1	Reducer 4: 0/1	
Map 1: 16(+14)/50	Map 5: 1/1	Map 6: 1/1	Reducer 2: 0/1	Reducer 3: 0/1	Reducer 4: 0/1	
Map 1: 16(+15)/50	Map 5: 1/1	Map 6: 1/1	Reducer 2: 0/1	Reducer 3: 0/1	Reducer 4: 0/1	
Map 1: 16(+16)/50	Map 5: 1/1	Map 6: 1/1	Reducer 2: 0/1	Reducer 3: 0/1	Reducer 4: 0/1	
Map 1: 17(+15)/50	Map 5: 1/1	Map 6: 1/1	Reducer 2: 0/1	Reducer 3: 0/1	Reducer 4: 0/1	
Map 1: 18(+14)/50	Map 5: 1/1	Map 6: 1/1	Reducer 2: 0/1	Reducer 3: 0/1	Reducer 4: 0/1	
Map 1: 18(+15)/50	Map 5: 1/1	Map 6: 1/1	Reducer 2: 0/1	Reducer 3: 0/1	Reducer 4: 0/1	
Map 1: 18(+16)/50	Map 5: 1/1	Map 6: 1/1	Reducer 2: 0/1	Reducer 3: 0/1	Reducer 4: 0/1	
Map 1: 19(+15)/50	Map 5: 1/1	Map 6: 1/1	Reducer 2: 0/1	Reducer 3: 0/1	Reducer 4: 0/1	
Map 1: 20(+14)/50	Map 5: 1/1	Map 6: 1/1	Reducer 2: 0/1	Reducer 3: 0/1	Reducer 4: 0/1	
Map 1: 21(+13)/50	Map 5: 1/1	Map 6: 1/1	Reducer 2: 0/1	Reducer 3: 0/1	Reducer 4: 0/1	
Map 1: 22(+12)/50	Map 5: 1/1	Map 6: 1/1	Reducer 2: 0/1	Reducer 3: 0/1	Reducer 4: 0/1	
Map 1: 23(+11)/50	Map 5: 1/1	Map 6: 1/1	Reducer 2: 0/1	Reducer 3: 0/1	Reducer 4: 0/1	
Map 1: 24(+10)/50	Map 5: 1/1	Map 6: 1/1	Reducer 2: 0/1	Reducer 3: 0/1	Reducer 4: 0/1	
Map 1: 24(+11)/50	Map 5: 1/1	Map 6: 1/1	Reducer 2: 0/1	Reducer 3: 0/1	Reducer 4: 0/1	
Map 1: 25(+10)/50	Map 5: 1/1	Map 6: 1/1	Reducer 2: 0/1	Reducer 3: 0/1	Reducer 4: 0/1	
Map 1: 25(+11)/50	Map 5: 1/1	Map 6: 1/1	Reducer 2: 0/1	Reducer 3: 0/1	Reducer 4: 0/1	
Map 1: 25(+12)/50	Map 5: 1/1	Map 6: 1/1	Reducer 2: 0/1	Reducer 3: 0/1	Reducer 4: 0/1	
Map 1: 26(+11)/50	Map 5: 1/1	Map 6: 1/1	Reducer 2: 0/1	Reducer 3: 0/1	Reducer 4: 0/1	
Map 1: 28(+9)/50	Map 5: 1/1	Map 6: 1/1	Reducer 2: 0/1	Reducer 3: 0/1	Reducer 4: 0/1	
Map 1: 31(+7)/50	Map 5: 1/1	Map 6: 1/1	Reducer 2: 0/1	Reducer 3: 0/1	Reducer 4: 0/1	
Map 1: 32(+7)/50	Map 5: 1/1	Map 6: 1/1	Reducer 2: 0/1	Reducer 3: 0/1	Reducer 4: 0/1	
Map 1: 32(+9)/50	Map 5: 1/1	Map 6: 1/1	Reducer 2: 0/1	Reducer 3: 0/1	Reducer 4: 0/1	
Map 1: 33(+9)/50	Map 5: 1/1	Map 6: 1/1	Reducer 2: 0/1	Reducer 3: 0/1	Reducer 4: 0/1	
Map 1: 33(+10)/50	Map 5: 1/1	Map 6: 1/1	Reducer 2: 0/1	Reducer 3: 0/1	Reducer 4: 0/1	
Map 1: 33(+12)/50	Map 5: 1/1	Map 6: 1/1	Reducer 2: 0/1	Reducer 3: 0/1	Reducer 4: 0/1	
Map 1: 33(+13)/50	Map 5: 1/1	Map 6: 1/1	Reducer 2: 0/1	Reducer 3: 0/1	Reducer 4: 0/1	
Map 1: 33(+15)/50	Map 5: 1/1	Map 6: 1/1	Reducer 2: 0/1	Reducer 3: 0/1	Reducer 4: 0/1	
Map 1: 34(+14)/50	Map 5: 1/1	Map 6: 1/1	Reducer 2: 0/1	Reducer 3: 0/1	Reducer 4: 0/1	
Map 1: 34(+15)/50	Map 5: 1/1	Map 6: 1/1	Reducer 2: 0/1	Reducer 3: 0/1	Reducer 4: 0/1	
Map 1: 34(+16)/50	Map 5: 1/1	Map 6: 1/1	Reducer 2: 0/1	Reducer 3: 0/1	Reducer 4: 0/1	
Map 1: 35(+15)/50	Map 5: 1/1	Map 6: 1/1	Reducer 2: 0/1	Reducer 3: 0/1	Reducer 4: 0/1	
Map 1: 37(+13)/50	Map 5: 1/1	Map 6: 1/1	Reducer 2: 0/1	Reducer 3: 0/1	Reducer 4: 0/1	
Map 1: 38(+12)/50	Map 5: 1/1	Map 6: 1/1	Reducer 2: 0/1	Reducer 3: 0/1	Reducer 4: 0/1	
Map 1: 39(+11)/50	Map 5: 1/1	Map 6: 1/1	Reducer 2: 0/1	Reducer 3: 0/1	Reducer 4: 0/1	
Map 1: 40(+10)/50	Map 5: 1/1	Map 6: 1/1	Reducer 2: 0/1	Reducer 3: 0/1	Reducer 4: 0/1	
Map 1: 41(+9)/50	Map 5: 1/1	Map 6: 1/1	Reducer 2: 0/1	Reducer 3: 0/1	Reducer 4: 0/1	
Map 1: 42(+8)/50	Map 5: 1/1	Map 6: 1/1	Reducer 2: 0/1	Reducer 3: 0/1	Reducer 4: 0/1	
Map 1: 44(+6)/50	Map 5: 1/1	Map 6: 1/1	Reducer 2: 0/1	Reducer 3: 0/1	Reducer 4: 0/1	
Map 1: 45(+5)/50	Map 5: 1/1	Map 6: 1/1	Reducer 2: 0/1	Reducer 3: 0/1	Reducer 4: 0/1	
Map 1: 46(+4)/50	Map 5: 1/1	Map 6: 1/1	Reducer 2: 0/1	Reducer 3: 0/1	Reducer 4: 0/1	
Map 1: 47(+3)/50	Map 5: 1/1	Map 6: 1/1	Reducer 2: 0/1	Reducer 3: 0/1	Reducer 4: 0/1	
Map 1: 48(+2)/50	Map 5: 1/1	Map 6: 1/1	Reducer 2: 0/1	Reducer 3: 0/1	Reducer 4: 0/1	
Map 1: 49(+1)/50	Map 5: 1/1	Map 6: 1/1	Reducer 2: 0/1	Reducer 3: 0/1	Reducer 4: 0/1	
Map 1: 50/50	Map 5: 1/1	Map 6: 1/1	Reducer 2: 0/1	Reducer 3: 0/1	Reducer 4: 0/1	
Map 1: 50/50	Map 5: 1/1	Map 6: 1/1	Reducer 2: 0(+1)/1	Reducer 3: 0/1	Reducer 4: 0/1	
Map 1: 50/50	Map 5: 1/1	Map 6: 1/1	Reducer 2: 1/1	Reducer 3: 0/1	Reducer 4: 0/1	
Map 1: 50/50	Map 5: 1/1	Map 6: 1/1	Reducer 2: 1/1	Reducer 3: 0(+1)/1	Reducer 4: 0/1	
Map 1: 50/50	Map 5: 1/1	Map 6: 1/1	Reducer 2: 1/1	Reducer 3: 1/1	Reducer 4: 0/1	
Map 1: 50/50	Map 5: 1/1	Map 6: 1/1	Reducer 2: 1/1	Reducer 3: 1/1	Reducer 4: 0(+1)/1	
Map 1: 50/50	Map 5: 1/1	Map 6: 1/1	Reducer 2: 1/1	Reducer 3: 1/1	Reducer 4: 1/1	
OK
Time taken: 71.106 seconds, Fetched: 100 row(s)
24.10user 1.81system 1:35.84elapsed 27%CPU (0avgtext+0avgdata 636312maxresident)k
113984inputs+920outputs (111major+95107minor)pagefaults 0swaps
