
Logging initialized using configuration in jar:file:/home/ubuntu/software/hive-1.2.1/lib/hive-common-1.2.1.jar!/hive-log4j.properties
Hive history file=/tmp/ubuntu/hive_job_log_9c3d30f7-a128-411f-a306-10866bad0d26_77949343.txt
SLF4J: Class path contains multiple SLF4J bindings.
SLF4J: Found binding in [jar:file:/home/ubuntu/software/tez-0.7.1-SNAPSHOT-minimal/lib/slf4j-log4j12-1.7.5.jar!/org/slf4j/impl/StaticLoggerBinder.class]
SLF4J: Found binding in [jar:file:/home/ubuntu/software/hadoop-2.6.0/share/hadoop/common/lib/slf4j-log4j12-1.7.5.jar!/org/slf4j/impl/StaticLoggerBinder.class]
SLF4J: See http://www.slf4j.org/codes.html#multiple_bindings for an explanation.
SLF4J: Actual binding is of type [org.slf4j.impl.Log4jLoggerFactory]
OK
Time taken: 1.246 seconds
Query ID = ubuntu_20150920220106_73c600dc-82ec-4ae2-bc2f-3a13f0775ca6
Total jobs = 1
Launching Job 1 out of 1


Status: Running (Executing on YARN cluster with App id application_1442094837470_0130)

Map 1: -/-	Map 10: -/-	Map 11: -/-	Map 12: -/-	Map 13: -/-	Map 7: -/-	Map 8: -/-	Map 9: -/-	Reducer 2: 0/3	Reducer 3: 0/3	Reducer 4: 0/3	Reducer 5: 0/1	Reducer 6: 0/1	
Map 1: 0/50	Map 10: 0/3	Map 11: 0/1	Map 12: 0/1	Map 13: 0/1	Map 7: 0/13	Map 8: 0/1	Map 9: 0/3	Reducer 2: 0/3	Reducer 3: 0/3	Reducer 4: 0/3	Reducer 5: 0/1	Reducer 6: 0/1	
Map 1: 0/50	Map 10: 0/3	Map 11: 0(+1)/1	Map 12: 0/1	Map 13: 0/1	Map 7: 0(+3)/13	Map 8: 0/1	Map 9: 0/3	Reducer 2: 0/3	Reducer 3: 0/3	Reducer 4: 0/3	Reducer 5: 0/1	Reducer 6: 0/1	
Map 1: 0/50	Map 10: 0/3	Map 11: 0(+1)/1	Map 12: 0(+1)/1	Map 13: 0(+1)/1	Map 7: 0(+3)/13	Map 8: 0(+1)/1	Map 9: 0(+1)/3	Reducer 2: 0/3	Reducer 3: 0/3	Reducer 4: 0/3	Reducer 5: 0/1	Reducer 6: 0/1	
Map 1: 0/50	Map 10: 0/3	Map 11: 0(+1)/1	Map 12: 0(+1)/1	Map 13: 0(+1)/1	Map 7: 0(+6)/13	Map 8: 0(+1)/1	Map 9: 0(+2)/3	Reducer 2: 0/3	Reducer 3: 0/3	Reducer 4: 0/3	Reducer 5: 0/1	Reducer 6: 0/1	
Map 1: 0/50	Map 10: 0/3	Map 11: 0(+1)/1	Map 12: 0(+1)/1	Map 13: 0(+1)/1	Map 7: 0(+9)/13	Map 8: 0(+1)/1	Map 9: 0(+3)/3	Reducer 2: 0/3	Reducer 3: 0/3	Reducer 4: 0/3	Reducer 5: 0/1	Reducer 6: 0/1	
Map 1: 0/50	Map 10: 0/3	Map 11: 0(+1)/1	Map 12: 0(+1)/1	Map 13: 0(+1)/1	Map 7: 0(+9)/13	Map 8: 0(+1)/1	Map 9: 0(+3)/3	Reducer 2: 0/3	Reducer 3: 0/3	Reducer 4: 0/3	Reducer 5: 0/1	Reducer 6: 0/1	
Map 1: 0/50	Map 10: 0/3	Map 11: 0(+1)/1	Map 12: 0(+1)/1	Map 13: 1/1	Map 7: 0(+7)/13	Map 8: 1/1	Map 9: 0(+3)/3	Reducer 2: 0/3	Reducer 3: 0/3	Reducer 4: 0/3	Reducer 5: 0/1	Reducer 6: 0/1	
Map 1: 0/50	Map 10: 0/3	Map 11: 0(+1)/1	Map 12: 1/1	Map 13: 1/1	Map 7: 2(+7)/13	Map 8: 1/1	Map 9: 0(+3)/3	Reducer 2: 0/3	Reducer 3: 0/3	Reducer 4: 0/3	Reducer 5: 0/1	Reducer 6: 0/1	
Map 1: 0/50	Map 10: 0/3	Map 11: 0(+1)/1	Map 12: 1/1	Map 13: 1/1	Map 7: 3(+6)/13	Map 8: 1/1	Map 9: 0(+3)/3	Reducer 2: 0/3	Reducer 3: 0/3	Reducer 4: 0/3	Reducer 5: 0/1	Reducer 6: 0/1	
Map 1: 0/50	Map 10: 0/3	Map 11: 1/1	Map 12: 1/1	Map 13: 1/1	Map 7: 3(+6)/13	Map 8: 1/1	Map 9: 0(+3)/3	Reducer 2: 0/3	Reducer 3: 0/3	Reducer 4: 0/3	Reducer 5: 0/1	Reducer 6: 0/1	
Map 1: 0/50	Map 10: 0(+1)/3	Map 11: 1/1	Map 12: 1/1	Map 13: 1/1	Map 7: 3(+6)/13	Map 8: 1/1	Map 9: 0(+3)/3	Reducer 2: 0/3	Reducer 3: 0/3	Reducer 4: 0/3	Reducer 5: 0/1	Reducer 6: 0/1	
Map 1: 0/50	Map 10: 0(+1)/3	Map 11: 1/1	Map 12: 1/1	Map 13: 1/1	Map 7: 3(+7)/13	Map 8: 1/1	Map 9: 0(+3)/3	Reducer 2: 0/3	Reducer 3: 0/3	Reducer 4: 0/3	Reducer 5: 0/1	Reducer 6: 0/1	
Map 1: 0/50	Map 10: 0(+3)/3	Map 11: 1/1	Map 12: 1/1	Map 13: 1/1	Map 7: 3(+7)/13	Map 8: 1/1	Map 9: 0(+3)/3	Reducer 2: 0/3	Reducer 3: 0/3	Reducer 4: 0/3	Reducer 5: 0/1	Reducer 6: 0/1	
Map 1: 0/50	Map 10: 0(+3)/3	Map 11: 1/1	Map 12: 1/1	Map 13: 1/1	Map 7: 4(+6)/13	Map 8: 1/1	Map 9: 0(+3)/3	Reducer 2: 0/3	Reducer 3: 0/3	Reducer 4: 0/3	Reducer 5: 0/1	Reducer 6: 0/1	
Map 1: 0/50	Map 10: 0(+3)/3	Map 11: 1/1	Map 12: 1/1	Map 13: 1/1	Map 7: 6(+4)/13	Map 8: 1/1	Map 9: 0(+3)/3	Reducer 2: 0/3	Reducer 3: 0/3	Reducer 4: 0/3	Reducer 5: 0/1	Reducer 6: 0/1	
Map 1: 0/50	Map 10: 0(+3)/3	Map 11: 1/1	Map 12: 1/1	Map 13: 1/1	Map 7: 7(+4)/13	Map 8: 1/1	Map 9: 0(+3)/3	Reducer 2: 0/3	Reducer 3: 0/3	Reducer 4: 0/3	Reducer 5: 0/1	Reducer 6: 0/1	
Map 1: 0/50	Map 10: 0(+3)/3	Map 11: 1/1	Map 12: 1/1	Map 13: 1/1	Map 7: 8(+4)/13	Map 8: 1/1	Map 9: 0(+3)/3	Reducer 2: 0/3	Reducer 3: 0/3	Reducer 4: 0/3	Reducer 5: 0/1	Reducer 6: 0/1	
Map 1: 0/50	Map 10: 0(+3)/3	Map 11: 1/1	Map 12: 1/1	Map 13: 1/1	Map 7: 9(+3)/13	Map 8: 1/1	Map 9: 0(+3)/3	Reducer 2: 0/3	Reducer 3: 0/3	Reducer 4: 0/3	Reducer 5: 0/1	Reducer 6: 0/1	
Map 1: 0/50	Map 10: 0(+3)/3	Map 11: 1/1	Map 12: 1/1	Map 13: 1/1	Map 7: 9(+3)/13	Map 8: 1/1	Map 9: 1(+2)/3	Reducer 2: 0/3	Reducer 3: 0/3	Reducer 4: 0/3	Reducer 5: 0/1	Reducer 6: 0/1	
Map 1: 0(+1)/50	Map 10: 0(+3)/3	Map 11: 1/1	Map 12: 1/1	Map 13: 1/1	Map 7: 9(+4)/13	Map 8: 1/1	Map 9: 1(+2)/3	Reducer 2: 0/3	Reducer 3: 0/3	Reducer 4: 0/3	Reducer 5: 0/1	Reducer 6: 0/1	
Map 1: 0(+2)/50	Map 10: 0(+3)/3	Map 11: 1/1	Map 12: 1/1	Map 13: 1/1	Map 7: 9(+4)/13	Map 8: 1/1	Map 9: 1(+2)/3	Reducer 2: 0/3	Reducer 3: 0/3	Reducer 4: 0/3	Reducer 5: 0/1	Reducer 6: 0/1	
Map 1: 0(+3)/50	Map 10: 0(+3)/3	Map 11: 1/1	Map 12: 1/1	Map 13: 1/1	Map 7: 9(+4)/13	Map 8: 1/1	Map 9: 1(+2)/3	Reducer 2: 0/3	Reducer 3: 0/3	Reducer 4: 0/3	Reducer 5: 0/1	Reducer 6: 0/1	
Map 1: 0(+4)/50	Map 10: 0(+3)/3	Map 11: 1/1	Map 12: 1/1	Map 13: 1/1	Map 7: 9(+4)/13	Map 8: 1/1	Map 9: 1(+2)/3	Reducer 2: 0/3	Reducer 3: 0/3	Reducer 4: 0/3	Reducer 5: 0/1	Reducer 6: 0/1	
Map 1: 0(+5)/50	Map 10: 0(+3)/3	Map 11: 1/1	Map 12: 1/1	Map 13: 1/1	Map 7: 9(+4)/13	Map 8: 1/1	Map 9: 1(+2)/3	Reducer 2: 0/3	Reducer 3: 0/3	Reducer 4: 0/3	Reducer 5: 0/1	Reducer 6: 0/1	
Map 1: 0(+5)/50	Map 10: 0(+3)/3	Map 11: 1/1	Map 12: 1/1	Map 13: 1/1	Map 7: 9(+4)/13	Map 8: 1/1	Map 9: 2(+1)/3	Reducer 2: 0/3	Reducer 3: 0/3	Reducer 4: 0/3	Reducer 5: 0/1	Reducer 6: 0/1	
Map 1: 0(+5)/50	Map 10: 0(+3)/3	Map 11: 1/1	Map 12: 1/1	Map 13: 1/1	Map 7: 9(+4)/13	Map 8: 1/1	Map 9: 3/3	Reducer 2: 0/3	Reducer 3: 0/3	Reducer 4: 0/3	Reducer 5: 0/1	Reducer 6: 0/1	
Map 1: 0(+6)/50	Map 10: 0(+3)/3	Map 11: 1/1	Map 12: 1/1	Map 13: 1/1	Map 7: 9(+4)/13	Map 8: 1/1	Map 9: 3/3	Reducer 2: 0/3	Reducer 3: 0/3	Reducer 4: 0/3	Reducer 5: 0/1	Reducer 6: 0/1	
Map 1: 0(+7)/50	Map 10: 0(+3)/3	Map 11: 1/1	Map 12: 1/1	Map 13: 1/1	Map 7: 9(+4)/13	Map 8: 1/1	Map 9: 3/3	Reducer 2: 0/3	Reducer 3: 0/3	Reducer 4: 0/3	Reducer 5: 0/1	Reducer 6: 0/1	
Map 1: 0(+7)/50	Map 10: 0(+3)/3	Map 11: 1/1	Map 12: 1/1	Map 13: 1/1	Map 7: 10(+3)/13	Map 8: 1/1	Map 9: 3/3	Reducer 2: 0/3	Reducer 3: 0/3	Reducer 4: 0/3	Reducer 5: 0/1	Reducer 6: 0/1	
Map 1: 0(+7)/50	Map 10: 1(+2)/3	Map 11: 1/1	Map 12: 1/1	Map 13: 1/1	Map 7: 11(+2)/13	Map 8: 1/1	Map 9: 3/3	Reducer 2: 0/3	Reducer 3: 0/3	Reducer 4: 0/3	Reducer 5: 0/1	Reducer 6: 0/1	
Map 1: 0(+7)/50	Map 10: 1(+2)/3	Map 11: 1/1	Map 12: 1/1	Map 13: 1/1	Map 7: 12(+1)/13	Map 8: 1/1	Map 9: 3/3	Reducer 2: 0/3	Reducer 3: 0/3	Reducer 4: 0/3	Reducer 5: 0/1	Reducer 6: 0/1	
Map 1: 0(+9)/50	Map 10: 1(+2)/3	Map 11: 1/1	Map 12: 1/1	Map 13: 1/1	Map 7: 12(+1)/13	Map 8: 1/1	Map 9: 3/3	Reducer 2: 0/3	Reducer 3: 0/3	Reducer 4: 0/3	Reducer 5: 0/1	Reducer 6: 0/1	
Map 1: 0(+11)/50	Map 10: 1(+2)/3	Map 11: 1/1	Map 12: 1/1	Map 13: 1/1	Map 7: 13/13	Map 8: 1/1	Map 9: 3/3	Reducer 2: 0/3	Reducer 3: 0/3	Reducer 4: 0/3	Reducer 5: 0/1	Reducer 6: 0/1	
Map 1: 0(+12)/50	Map 10: 2(+1)/3	Map 11: 1/1	Map 12: 1/1	Map 13: 1/1	Map 7: 13/13	Map 8: 1/1	Map 9: 3/3	Reducer 2: 0/3	Reducer 3: 0/3	Reducer 4: 0/3	Reducer 5: 0/1	Reducer 6: 0/1	
Map 1: 0(+13)/50	Map 10: 3/3	Map 11: 1/1	Map 12: 1/1	Map 13: 1/1	Map 7: 13/13	Map 8: 1/1	Map 9: 3/3	Reducer 2: 0/3	Reducer 3: 0/3	Reducer 4: 0/3	Reducer 5: 0/1	Reducer 6: 0/1	
Map 1: 0(+14)/50	Map 10: 3/3	Map 11: 1/1	Map 12: 1/1	Map 13: 1/1	Map 7: 13/13	Map 8: 1/1	Map 9: 3/3	Reducer 2: 0/3	Reducer 3: 0/3	Reducer 4: 0/3	Reducer 5: 0/1	Reducer 6: 0/1	
Map 1: 0(+15)/50	Map 10: 3/3	Map 11: 1/1	Map 12: 1/1	Map 13: 1/1	Map 7: 13/13	Map 8: 1/1	Map 9: 3/3	Reducer 2: 0/3	Reducer 3: 0/3	Reducer 4: 0/3	Reducer 5: 0/1	Reducer 6: 0/1	
Map 1: 0(+16)/50	Map 10: 3/3	Map 11: 1/1	Map 12: 1/1	Map 13: 1/1	Map 7: 13/13	Map 8: 1/1	Map 9: 3/3	Reducer 2: 0/3	Reducer 3: 0/3	Reducer 4: 0/3	Reducer 5: 0/1	Reducer 6: 0/1	
Map 1: 0(+16)/50	Map 10: 3/3	Map 11: 1/1	Map 12: 1/1	Map 13: 1/1	Map 7: 13/13	Map 8: 1/1	Map 9: 3/3	Reducer 2: 0/3	Reducer 3: 0/3	Reducer 4: 0/3	Reducer 5: 0/1	Reducer 6: 0/1	
Map 1: 0(+16)/50	Map 10: 3/3	Map 11: 1/1	Map 12: 1/1	Map 13: 1/1	Map 7: 13/13	Map 8: 1/1	Map 9: 3/3	Reducer 2: 0/3	Reducer 3: 0/3	Reducer 4: 0/3	Reducer 5: 0/1	Reducer 6: 0/1	
Map 1: 0(+16)/50	Map 10: 3/3	Map 11: 1/1	Map 12: 1/1	Map 13: 1/1	Map 7: 13/13	Map 8: 1/1	Map 9: 3/3	Reducer 2: 0/3	Reducer 3: 0/3	Reducer 4: 0/3	Reducer 5: 0/1	Reducer 6: 0/1	
Map 1: 0(+16)/50	Map 10: 3/3	Map 11: 1/1	Map 12: 1/1	Map 13: 1/1	Map 7: 13/13	Map 8: 1/1	Map 9: 3/3	Reducer 2: 0/3	Reducer 3: 0/3	Reducer 4: 0/3	Reducer 5: 0/1	Reducer 6: 0/1	
Map 1: 0(+16)/50	Map 10: 3/3	Map 11: 1/1	Map 12: 1/1	Map 13: 1/1	Map 7: 13/13	Map 8: 1/1	Map 9: 3/3	Reducer 2: 0/3	Reducer 3: 0/3	Reducer 4: 0/3	Reducer 5: 0/1	Reducer 6: 0/1	
Map 1: 0(+16)/50	Map 10: 3/3	Map 11: 1/1	Map 12: 1/1	Map 13: 1/1	Map 7: 13/13	Map 8: 1/1	Map 9: 3/3	Reducer 2: 0/3	Reducer 3: 0/3	Reducer 4: 0/3	Reducer 5: 0/1	Reducer 6: 0/1	
Map 1: 0(+16)/50	Map 10: 3/3	Map 11: 1/1	Map 12: 1/1	Map 13: 1/1	Map 7: 13/13	Map 8: 1/1	Map 9: 3/3	Reducer 2: 0/3	Reducer 3: 0/3	Reducer 4: 0/3	Reducer 5: 0/1	Reducer 6: 0/1	
Map 1: 0(+16)/50	Map 10: 3/3	Map 11: 1/1	Map 12: 1/1	Map 13: 1/1	Map 7: 13/13	Map 8: 1/1	Map 9: 3/3	Reducer 2: 0/3	Reducer 3: 0/3	Reducer 4: 0/3	Reducer 5: 0/1	Reducer 6: 0/1	
Map 1: 0(+16)/50	Map 10: 3/3	Map 11: 1/1	Map 12: 1/1	Map 13: 1/1	Map 7: 13/13	Map 8: 1/1	Map 9: 3/3	Reducer 2: 0/3	Reducer 3: 0/3	Reducer 4: 0/3	Reducer 5: 0/1	Reducer 6: 0/1	
Map 1: 0(+16)/50	Map 10: 3/3	Map 11: 1/1	Map 12: 1/1	Map 13: 1/1	Map 7: 13/13	Map 8: 1/1	Map 9: 3/3	Reducer 2: 0/3	Reducer 3: 0/3	Reducer 4: 0/3	Reducer 5: 0/1	Reducer 6: 0/1	
Map 1: 0(+16)/50	Map 10: 3/3	Map 11: 1/1	Map 12: 1/1	Map 13: 1/1	Map 7: 13/13	Map 8: 1/1	Map 9: 3/3	Reducer 2: 0/3	Reducer 3: 0/3	Reducer 4: 0/3	Reducer 5: 0/1	Reducer 6: 0/1	
Map 1: 0(+16)/50	Map 10: 3/3	Map 11: 1/1	Map 12: 1/1	Map 13: 1/1	Map 7: 13/13	Map 8: 1/1	Map 9: 3/3	Reducer 2: 0/3	Reducer 3: 0/3	Reducer 4: 0/3	Reducer 5: 0/1	Reducer 6: 0/1	
Map 1: 0(+16)/50	Map 10: 3/3	Map 11: 1/1	Map 12: 1/1	Map 13: 1/1	Map 7: 13/13	Map 8: 1/1	Map 9: 3/3	Reducer 2: 0/3	Reducer 3: 0/3	Reducer 4: 0/3	Reducer 5: 0/1	Reducer 6: 0/1	
Map 1: 0(+16)/50	Map 10: 3/3	Map 11: 1/1	Map 12: 1/1	Map 13: 1/1	Map 7: 13/13	Map 8: 1/1	Map 9: 3/3	Reducer 2: 0/3	Reducer 3: 0/3	Reducer 4: 0/3	Reducer 5: 0/1	Reducer 6: 0/1	
Map 1: 0(+16)/50	Map 10: 3/3	Map 11: 1/1	Map 12: 1/1	Map 13: 1/1	Map 7: 13/13	Map 8: 1/1	Map 9: 3/3	Reducer 2: 0/3	Reducer 3: 0/3	Reducer 4: 0/3	Reducer 5: 0/1	Reducer 6: 0/1	
Map 1: 0(+16)/50	Map 10: 3/3	Map 11: 1/1	Map 12: 1/1	Map 13: 1/1	Map 7: 13/13	Map 8: 1/1	Map 9: 3/3	Reducer 2: 0/3	Reducer 3: 0/3	Reducer 4: 0/3	Reducer 5: 0/1	Reducer 6: 0/1	
Map 1: 0(+16)/50	Map 10: 3/3	Map 11: 1/1	Map 12: 1/1	Map 13: 1/1	Map 7: 13/13	Map 8: 1/1	Map 9: 3/3	Reducer 2: 0/3	Reducer 3: 0/3	Reducer 4: 0/3	Reducer 5: 0/1	Reducer 6: 0/1	
Map 1: 0(+16)/50	Map 10: 3/3	Map 11: 1/1	Map 12: 1/1	Map 13: 1/1	Map 7: 13/13	Map 8: 1/1	Map 9: 3/3	Reducer 2: 0/3	Reducer 3: 0/3	Reducer 4: 0/3	Reducer 5: 0/1	Reducer 6: 0/1	
Map 1: 0(+16)/50	Map 10: 3/3	Map 11: 1/1	Map 12: 1/1	Map 13: 1/1	Map 7: 13/13	Map 8: 1/1	Map 9: 3/3	Reducer 2: 0/3	Reducer 3: 0/3	Reducer 4: 0/3	Reducer 5: 0/1	Reducer 6: 0/1	
Map 1: 0(+16)/50	Map 10: 3/3	Map 11: 1/1	Map 12: 1/1	Map 13: 1/1	Map 7: 13/13	Map 8: 1/1	Map 9: 3/3	Reducer 2: 0/3	Reducer 3: 0/3	Reducer 4: 0/3	Reducer 5: 0/1	Reducer 6: 0/1	
Map 1: 0(+16)/50	Map 10: 3/3	Map 11: 1/1	Map 12: 1/1	Map 13: 1/1	Map 7: 13/13	Map 8: 1/1	Map 9: 3/3	Reducer 2: 0/3	Reducer 3: 0/3	Reducer 4: 0/3	Reducer 5: 0/1	Reducer 6: 0/1	
Map 1: 0(+16)/50	Map 10: 3/3	Map 11: 1/1	Map 12: 1/1	Map 13: 1/1	Map 7: 13/13	Map 8: 1/1	Map 9: 3/3	Reducer 2: 0/3	Reducer 3: 0/3	Reducer 4: 0/3	Reducer 5: 0/1	Reducer 6: 0/1	
Map 1: 0(+16)/50	Map 10: 3/3	Map 11: 1/1	Map 12: 1/1	Map 13: 1/1	Map 7: 13/13	Map 8: 1/1	Map 9: 3/3	Reducer 2: 0/3	Reducer 3: 0/3	Reducer 4: 0/3	Reducer 5: 0/1	Reducer 6: 0/1	
Map 1: 0(+16)/50	Map 10: 3/3	Map 11: 1/1	Map 12: 1/1	Map 13: 1/1	Map 7: 13/13	Map 8: 1/1	Map 9: 3/3	Reducer 2: 0/3	Reducer 3: 0/3	Reducer 4: 0/3	Reducer 5: 0/1	Reducer 6: 0/1	
Map 1: 0(+16)/50	Map 10: 3/3	Map 11: 1/1	Map 12: 1/1	Map 13: 1/1	Map 7: 13/13	Map 8: 1/1	Map 9: 3/3	Reducer 2: 0/3	Reducer 3: 0/3	Reducer 4: 0/3	Reducer 5: 0/1	Reducer 6: 0/1	
Map 1: 0(+16)/50	Map 10: 3/3	Map 11: 1/1	Map 12: 1/1	Map 13: 1/1	Map 7: 13/13	Map 8: 1/1	Map 9: 3/3	Reducer 2: 0/3	Reducer 3: 0/3	Reducer 4: 0/3	Reducer 5: 0/1	Reducer 6: 0/1	
Map 1: 0(+16)/50	Map 10: 3/3	Map 11: 1/1	Map 12: 1/1	Map 13: 1/1	Map 7: 13/13	Map 8: 1/1	Map 9: 3/3	Reducer 2: 0/3	Reducer 3: 0/3	Reducer 4: 0/3	Reducer 5: 0/1	Reducer 6: 0/1	
Map 1: 0(+16)/50	Map 10: 3/3	Map 11: 1/1	Map 12: 1/1	Map 13: 1/1	Map 7: 13/13	Map 8: 1/1	Map 9: 3/3	Reducer 2: 0/3	Reducer 3: 0/3	Reducer 4: 0/3	Reducer 5: 0/1	Reducer 6: 0/1	
Map 1: 0(+16)/50	Map 10: 3/3	Map 11: 1/1	Map 12: 1/1	Map 13: 1/1	Map 7: 13/13	Map 8: 1/1	Map 9: 3/3	Reducer 2: 0/3	Reducer 3: 0/3	Reducer 4: 0/3	Reducer 5: 0/1	Reducer 6: 0/1	
Map 1: 0(+16)/50	Map 10: 3/3	Map 11: 1/1	Map 12: 1/1	Map 13: 1/1	Map 7: 13/13	Map 8: 1/1	Map 9: 3/3	Reducer 2: 0/3	Reducer 3: 0/3	Reducer 4: 0/3	Reducer 5: 0/1	Reducer 6: 0/1	
Map 1: 0(+16)/50	Map 10: 3/3	Map 11: 1/1	Map 12: 1/1	Map 13: 1/1	Map 7: 13/13	Map 8: 1/1	Map 9: 3/3	Reducer 2: 0/3	Reducer 3: 0/3	Reducer 4: 0/3	Reducer 5: 0/1	Reducer 6: 0/1	
Map 1: 0(+16)/50	Map 10: 3/3	Map 11: 1/1	Map 12: 1/1	Map 13: 1/1	Map 7: 13/13	Map 8: 1/1	Map 9: 3/3	Reducer 2: 0/3	Reducer 3: 0/3	Reducer 4: 0/3	Reducer 5: 0/1	Reducer 6: 0/1	
Map 1: 0(+16)/50	Map 10: 3/3	Map 11: 1/1	Map 12: 1/1	Map 13: 1/1	Map 7: 13/13	Map 8: 1/1	Map 9: 3/3	Reducer 2: 0/3	Reducer 3: 0/3	Reducer 4: 0/3	Reducer 5: 0/1	Reducer 6: 0/1	
Map 1: 0(+16)/50	Map 10: 3/3	Map 11: 1/1	Map 12: 1/1	Map 13: 1/1	Map 7: 13/13	Map 8: 1/1	Map 9: 3/3	Reducer 2: 0/3	Reducer 3: 0/3	Reducer 4: 0/3	Reducer 5: 0/1	Reducer 6: 0/1	
Map 1: 0(+16)/50	Map 10: 3/3	Map 11: 1/1	Map 12: 1/1	Map 13: 1/1	Map 7: 13/13	Map 8: 1/1	Map 9: 3/3	Reducer 2: 0/3	Reducer 3: 0/3	Reducer 4: 0/3	Reducer 5: 0/1	Reducer 6: 0/1	
Map 1: 0(+16)/50	Map 10: 3/3	Map 11: 1/1	Map 12: 1/1	Map 13: 1/1	Map 7: 13/13	Map 8: 1/1	Map 9: 3/3	Reducer 2: 0/3	Reducer 3: 0/3	Reducer 4: 0/3	Reducer 5: 0/1	Reducer 6: 0/1	
Map 1: 0(+16)/50	Map 10: 3/3	Map 11: 1/1	Map 12: 1/1	Map 13: 1/1	Map 7: 13/13	Map 8: 1/1	Map 9: 3/3	Reducer 2: 0/3	Reducer 3: 0/3	Reducer 4: 0/3	Reducer 5: 0/1	Reducer 6: 0/1	
Map 1: 0(+16)/50	Map 10: 3/3	Map 11: 1/1	Map 12: 1/1	Map 13: 1/1	Map 7: 13/13	Map 8: 1/1	Map 9: 3/3	Reducer 2: 0/3	Reducer 3: 0/3	Reducer 4: 0/3	Reducer 5: 0/1	Reducer 6: 0/1	
Map 1: 0(+16)/50	Map 10: 3/3	Map 11: 1/1	Map 12: 1/1	Map 13: 1/1	Map 7: 13/13	Map 8: 1/1	Map 9: 3/3	Reducer 2: 0/3	Reducer 3: 0/3	Reducer 4: 0/3	Reducer 5: 0/1	Reducer 6: 0/1	
Map 1: 1(+15)/50	Map 10: 3/3	Map 11: 1/1	Map 12: 1/1	Map 13: 1/1	Map 7: 13/13	Map 8: 1/1	Map 9: 3/3	Reducer 2: 0/3	Reducer 3: 0/3	Reducer 4: 0/3	Reducer 5: 0/1	Reducer 6: 0/1	
Map 1: 1(+15)/50	Map 10: 3/3	Map 11: 1/1	Map 12: 1/1	Map 13: 1/1	Map 7: 13/13	Map 8: 1/1	Map 9: 3/3	Reducer 2: 0/3	Reducer 3: 0/3	Reducer 4: 0/3	Reducer 5: 0/1	Reducer 6: 0/1	
Map 1: 1(+16)/50	Map 10: 3/3	Map 11: 1/1	Map 12: 1/1	Map 13: 1/1	Map 7: 13/13	Map 8: 1/1	Map 9: 3/3	Reducer 2: 0/3	Reducer 3: 0/3	Reducer 4: 0/3	Reducer 5: 0/1	Reducer 6: 0/1	
Map 1: 1(+16)/50	Map 10: 3/3	Map 11: 1/1	Map 12: 1/1	Map 13: 1/1	Map 7: 13/13	Map 8: 1/1	Map 9: 3/3	Reducer 2: 0/3	Reducer 3: 0/3	Reducer 4: 0/3	Reducer 5: 0/1	Reducer 6: 0/1	
Map 1: 3(+14)/50	Map 10: 3/3	Map 11: 1/1	Map 12: 1/1	Map 13: 1/1	Map 7: 13/13	Map 8: 1/1	Map 9: 3/3	Reducer 2: 0/3	Reducer 3: 0/3	Reducer 4: 0/3	Reducer 5: 0/1	Reducer 6: 0/1	
Map 1: 4(+13)/50	Map 10: 3/3	Map 11: 1/1	Map 12: 1/1	Map 13: 1/1	Map 7: 13/13	Map 8: 1/1	Map 9: 3/3	Reducer 2: 0/3	Reducer 3: 0/3	Reducer 4: 0/3	Reducer 5: 0/1	Reducer 6: 0/1	
Map 1: 5(+12)/50	Map 10: 3/3	Map 11: 1/1	Map 12: 1/1	Map 13: 1/1	Map 7: 13/13	Map 8: 1/1	Map 9: 3/3	Reducer 2: 0/3	Reducer 3: 0/3	Reducer 4: 0/3	Reducer 5: 0/1	Reducer 6: 0/1	
Map 1: 6(+11)/50	Map 10: 3/3	Map 11: 1/1	Map 12: 1/1	Map 13: 1/1	Map 7: 13/13	Map 8: 1/1	Map 9: 3/3	Reducer 2: 0/3	Reducer 3: 0/3	Reducer 4: 0/3	Reducer 5: 0/1	Reducer 6: 0/1	
Map 1: 6(+13)/50	Map 10: 3/3	Map 11: 1/1	Map 12: 1/1	Map 13: 1/1	Map 7: 13/13	Map 8: 1/1	Map 9: 3/3	Reducer 2: 0/3	Reducer 3: 0/3	Reducer 4: 0/3	Reducer 5: 0/1	Reducer 6: 0/1	
Map 1: 7(+14)/50	Map 10: 3/3	Map 11: 1/1	Map 12: 1/1	Map 13: 1/1	Map 7: 13/13	Map 8: 1/1	Map 9: 3/3	Reducer 2: 0/3	Reducer 3: 0/3	Reducer 4: 0/3	Reducer 5: 0/1	Reducer 6: 0/1	
Map 1: 7(+15)/50	Map 10: 3/3	Map 11: 1/1	Map 12: 1/1	Map 13: 1/1	Map 7: 13/13	Map 8: 1/1	Map 9: 3/3	Reducer 2: 0/3	Reducer 3: 0/3	Reducer 4: 0/3	Reducer 5: 0/1	Reducer 6: 0/1	
Map 1: 7(+16)/50	Map 10: 3/3	Map 11: 1/1	Map 12: 1/1	Map 13: 1/1	Map 7: 13/13	Map 8: 1/1	Map 9: 3/3	Reducer 2: 0/3	Reducer 3: 0/3	Reducer 4: 0/3	Reducer 5: 0/1	Reducer 6: 0/1	
Map 1: 7(+16)/50	Map 10: 3/3	Map 11: 1/1	Map 12: 1/1	Map 13: 1/1	Map 7: 13/13	Map 8: 1/1	Map 9: 3/3	Reducer 2: 0/3	Reducer 3: 0/3	Reducer 4: 0/3	Reducer 5: 0/1	Reducer 6: 0/1	
Map 1: 7(+16)/50	Map 10: 3/3	Map 11: 1/1	Map 12: 1/1	Map 13: 1/1	Map 7: 13/13	Map 8: 1/1	Map 9: 3/3	Reducer 2: 0/3	Reducer 3: 0/3	Reducer 4: 0/3	Reducer 5: 0/1	Reducer 6: 0/1	
Map 1: 8(+15)/50	Map 10: 3/3	Map 11: 1/1	Map 12: 1/1	Map 13: 1/1	Map 7: 13/13	Map 8: 1/1	Map 9: 3/3	Reducer 2: 0/3	Reducer 3: 0/3	Reducer 4: 0/3	Reducer 5: 0/1	Reducer 6: 0/1	
Map 1: 8(+16)/50	Map 10: 3/3	Map 11: 1/1	Map 12: 1/1	Map 13: 1/1	Map 7: 13/13	Map 8: 1/1	Map 9: 3/3	Reducer 2: 0/3	Reducer 3: 0/3	Reducer 4: 0/3	Reducer 5: 0/1	Reducer 6: 0/1	
Map 1: 8(+16)/50	Map 10: 3/3	Map 11: 1/1	Map 12: 1/1	Map 13: 1/1	Map 7: 13/13	Map 8: 1/1	Map 9: 3/3	Reducer 2: 0/3	Reducer 3: 0/3	Reducer 4: 0/3	Reducer 5: 0/1	Reducer 6: 0/1	
Map 1: 8(+16)/50	Map 10: 3/3	Map 11: 1/1	Map 12: 1/1	Map 13: 1/1	Map 7: 13/13	Map 8: 1/1	Map 9: 3/3	Reducer 2: 0/3	Reducer 3: 0/3	Reducer 4: 0/3	Reducer 5: 0/1	Reducer 6: 0/1	
Map 1: 8(+16)/50	Map 10: 3/3	Map 11: 1/1	Map 12: 1/1	Map 13: 1/1	Map 7: 13/13	Map 8: 1/1	Map 9: 3/3	Reducer 2: 0/3	Reducer 3: 0/3	Reducer 4: 0/3	Reducer 5: 0/1	Reducer 6: 0/1	
Map 1: 9(+15)/50	Map 10: 3/3	Map 11: 1/1	Map 12: 1/1	Map 13: 1/1	Map 7: 13/13	Map 8: 1/1	Map 9: 3/3	Reducer 2: 0/3	Reducer 3: 0/3	Reducer 4: 0/3	Reducer 5: 0/1	Reducer 6: 0/1	
Map 1: 10(+14)/50	Map 10: 3/3	Map 11: 1/1	Map 12: 1/1	Map 13: 1/1	Map 7: 13/13	Map 8: 1/1	Map 9: 3/3	Reducer 2: 0/3	Reducer 3: 0/3	Reducer 4: 0/3	Reducer 5: 0/1	Reducer 6: 0/1	
Map 1: 10(+15)/50	Map 10: 3/3	Map 11: 1/1	Map 12: 1/1	Map 13: 1/1	Map 7: 13/13	Map 8: 1/1	Map 9: 3/3	Reducer 2: 0/3	Reducer 3: 0/3	Reducer 4: 0/3	Reducer 5: 0/1	Reducer 6: 0/1	
Map 1: 11(+14)/50	Map 10: 3/3	Map 11: 1/1	Map 12: 1/1	Map 13: 1/1	Map 7: 13/13	Map 8: 1/1	Map 9: 3/3	Reducer 2: 0/3	Reducer 3: 0/3	Reducer 4: 0/3	Reducer 5: 0/1	Reducer 6: 0/1	
Map 1: 11(+15)/50	Map 10: 3/3	Map 11: 1/1	Map 12: 1/1	Map 13: 1/1	Map 7: 13/13	Map 8: 1/1	Map 9: 3/3	Reducer 2: 0/3	Reducer 3: 0/3	Reducer 4: 0/3	Reducer 5: 0/1	Reducer 6: 0/1	
Map 1: 11(+16)/50	Map 10: 3/3	Map 11: 1/1	Map 12: 1/1	Map 13: 1/1	Map 7: 13/13	Map 8: 1/1	Map 9: 3/3	Reducer 2: 0/3	Reducer 3: 0/3	Reducer 4: 0/3	Reducer 5: 0/1	Reducer 6: 0/1	
Map 1: 12(+15)/50	Map 10: 3/3	Map 11: 1/1	Map 12: 1/1	Map 13: 1/1	Map 7: 13/13	Map 8: 1/1	Map 9: 3/3	Reducer 2: 0/3	Reducer 3: 0/3	Reducer 4: 0/3	Reducer 5: 0/1	Reducer 6: 0/1	
Map 1: 12(+16)/50	Map 10: 3/3	Map 11: 1/1	Map 12: 1/1	Map 13: 1/1	Map 7: 13/13	Map 8: 1/1	Map 9: 3/3	Reducer 2: 0/3	Reducer 3: 0/3	Reducer 4: 0/3	Reducer 5: 0/1	Reducer 6: 0/1	
Map 1: 12(+16)/50	Map 10: 3/3	Map 11: 1/1	Map 12: 1/1	Map 13: 1/1	Map 7: 13/13	Map 8: 1/1	Map 9: 3/3	Reducer 2: 0/3	Reducer 3: 0/3	Reducer 4: 0/3	Reducer 5: 0/1	Reducer 6: 0/1	
Map 1: 12(+16)/50	Map 10: 3/3	Map 11: 1/1	Map 12: 1/1	Map 13: 1/1	Map 7: 13/13	Map 8: 1/1	Map 9: 3/3	Reducer 2: 0/3	Reducer 3: 0/3	Reducer 4: 0/3	Reducer 5: 0/1	Reducer 6: 0/1	
Map 1: 12(+16)/50	Map 10: 3/3	Map 11: 1/1	Map 12: 1/1	Map 13: 1/1	Map 7: 13/13	Map 8: 1/1	Map 9: 3/3	Reducer 2: 0/3	Reducer 3: 0/3	Reducer 4: 0/3	Reducer 5: 0/1	Reducer 6: 0/1	
Map 1: 12(+16)/50	Map 10: 3/3	Map 11: 1/1	Map 12: 1/1	Map 13: 1/1	Map 7: 13/13	Map 8: 1/1	Map 9: 3/3	Reducer 2: 0/3	Reducer 3: 0/3	Reducer 4: 0/3	Reducer 5: 0/1	Reducer 6: 0/1	
Map 1: 12(+16)/50	Map 10: 3/3	Map 11: 1/1	Map 12: 1/1	Map 13: 1/1	Map 7: 13/13	Map 8: 1/1	Map 9: 3/3	Reducer 2: 0/3	Reducer 3: 0/3	Reducer 4: 0/3	Reducer 5: 0/1	Reducer 6: 0/1	
Map 1: 12(+16)/50	Map 10: 3/3	Map 11: 1/1	Map 12: 1/1	Map 13: 1/1	Map 7: 13/13	Map 8: 1/1	Map 9: 3/3	Reducer 2: 0/3	Reducer 3: 0/3	Reducer 4: 0/3	Reducer 5: 0/1	Reducer 6: 0/1	
Map 1: 12(+16)/50	Map 10: 3/3	Map 11: 1/1	Map 12: 1/1	Map 13: 1/1	Map 7: 13/13	Map 8: 1/1	Map 9: 3/3	Reducer 2: 0/3	Reducer 3: 0/3	Reducer 4: 0/3	Reducer 5: 0/1	Reducer 6: 0/1	
Map 1: 12(+16)/50	Map 10: 3/3	Map 11: 1/1	Map 12: 1/1	Map 13: 1/1	Map 7: 13/13	Map 8: 1/1	Map 9: 3/3	Reducer 2: 0/3	Reducer 3: 0/3	Reducer 4: 0/3	Reducer 5: 0/1	Reducer 6: 0/1	
Map 1: 13(+15)/50	Map 10: 3/3	Map 11: 1/1	Map 12: 1/1	Map 13: 1/1	Map 7: 13/13	Map 8: 1/1	Map 9: 3/3	Reducer 2: 0/3	Reducer 3: 0/3	Reducer 4: 0/3	Reducer 5: 0/1	Reducer 6: 0/1	
Map 1: 13(+16)/50	Map 10: 3/3	Map 11: 1/1	Map 12: 1/1	Map 13: 1/1	Map 7: 13/13	Map 8: 1/1	Map 9: 3/3	Reducer 2: 0/3	Reducer 3: 0/3	Reducer 4: 0/3	Reducer 5: 0/1	Reducer 6: 0/1	
Map 1: 13(+16)/50	Map 10: 3/3	Map 11: 1/1	Map 12: 1/1	Map 13: 1/1	Map 7: 13/13	Map 8: 1/1	Map 9: 3/3	Reducer 2: 0/3	Reducer 3: 0/3	Reducer 4: 0/3	Reducer 5: 0/1	Reducer 6: 0/1	
Map 1: 14(+15)/50	Map 10: 3/3	Map 11: 1/1	Map 12: 1/1	Map 13: 1/1	Map 7: 13/13	Map 8: 1/1	Map 9: 3/3	Reducer 2: 0/3	Reducer 3: 0/3	Reducer 4: 0/3	Reducer 5: 0/1	Reducer 6: 0/1	
Map 1: 15(+14)/50	Map 10: 3/3	Map 11: 1/1	Map 12: 1/1	Map 13: 1/1	Map 7: 13/13	Map 8: 1/1	Map 9: 3/3	Reducer 2: 0/3	Reducer 3: 0/3	Reducer 4: 0/3	Reducer 5: 0/1	Reducer 6: 0/1	
Map 1: 15(+15)/50	Map 10: 3/3	Map 11: 1/1	Map 12: 1/1	Map 13: 1/1	Map 7: 13/13	Map 8: 1/1	Map 9: 3/3	Reducer 2: 0/3	Reducer 3: 0/3	Reducer 4: 0/3	Reducer 5: 0/1	Reducer 6: 0/1	
Map 1: 16(+14)/50	Map 10: 3/3	Map 11: 1/1	Map 12: 1/1	Map 13: 1/1	Map 7: 13/13	Map 8: 1/1	Map 9: 3/3	Reducer 2: 0/3	Reducer 3: 0/3	Reducer 4: 0/3	Reducer 5: 0/1	Reducer 6: 0/1	
Map 1: 16(+15)/50	Map 10: 3/3	Map 11: 1/1	Map 12: 1/1	Map 13: 1/1	Map 7: 13/13	Map 8: 1/1	Map 9: 3/3	Reducer 2: 0/3	Reducer 3: 0/3	Reducer 4: 0/3	Reducer 5: 0/1	Reducer 6: 0/1	
Map 1: 16(+16)/50	Map 10: 3/3	Map 11: 1/1	Map 12: 1/1	Map 13: 1/1	Map 7: 13/13	Map 8: 1/1	Map 9: 3/3	Reducer 2: 0/3	Reducer 3: 0/3	Reducer 4: 0/3	Reducer 5: 0/1	Reducer 6: 0/1	
Map 1: 16(+16)/50	Map 10: 3/3	Map 11: 1/1	Map 12: 1/1	Map 13: 1/1	Map 7: 13/13	Map 8: 1/1	Map 9: 3/3	Reducer 2: 0/3	Reducer 3: 0/3	Reducer 4: 0/3	Reducer 5: 0/1	Reducer 6: 0/1	
Map 1: 16(+16)/50	Map 10: 3/3	Map 11: 1/1	Map 12: 1/1	Map 13: 1/1	Map 7: 13/13	Map 8: 1/1	Map 9: 3/3	Reducer 2: 0/3	Reducer 3: 0/3	Reducer 4: 0/3	Reducer 5: 0/1	Reducer 6: 0/1	
Map 1: 16(+16)/50	Map 10: 3/3	Map 11: 1/1	Map 12: 1/1	Map 13: 1/1	Map 7: 13/13	Map 8: 1/1	Map 9: 3/3	Reducer 2: 0/3	Reducer 3: 0/3	Reducer 4: 0/3	Reducer 5: 0/1	Reducer 6: 0/1	
Map 1: 16(+16)/50	Map 10: 3/3	Map 11: 1/1	Map 12: 1/1	Map 13: 1/1	Map 7: 13/13	Map 8: 1/1	Map 9: 3/3	Reducer 2: 0/3	Reducer 3: 0/3	Reducer 4: 0/3	Reducer 5: 0/1	Reducer 6: 0/1	
Map 1: 16(+16)/50	Map 10: 3/3	Map 11: 1/1	Map 12: 1/1	Map 13: 1/1	Map 7: 13/13	Map 8: 1/1	Map 9: 3/3	Reducer 2: 0/3	Reducer 3: 0/3	Reducer 4: 0/3	Reducer 5: 0/1	Reducer 6: 0/1	
Map 1: 16(+16)/50	Map 10: 3/3	Map 11: 1/1	Map 12: 1/1	Map 13: 1/1	Map 7: 13/13	Map 8: 1/1	Map 9: 3/3	Reducer 2: 0/3	Reducer 3: 0/3	Reducer 4: 0/3	Reducer 5: 0/1	Reducer 6: 0/1	
Map 1: 16(+16)/50	Map 10: 3/3	Map 11: 1/1	Map 12: 1/1	Map 13: 1/1	Map 7: 13/13	Map 8: 1/1	Map 9: 3/3	Reducer 2: 0/3	Reducer 3: 0/3	Reducer 4: 0/3	Reducer 5: 0/1	Reducer 6: 0/1	
Map 1: 16(+16)/50	Map 10: 3/3	Map 11: 1/1	Map 12: 1/1	Map 13: 1/1	Map 7: 13/13	Map 8: 1/1	Map 9: 3/3	Reducer 2: 0/3	Reducer 3: 0/3	Reducer 4: 0/3	Reducer 5: 0/1	Reducer 6: 0/1	
Map 1: 16(+16)/50	Map 10: 3/3	Map 11: 1/1	Map 12: 1/1	Map 13: 1/1	Map 7: 13/13	Map 8: 1/1	Map 9: 3/3	Reducer 2: 0/3	Reducer 3: 0/3	Reducer 4: 0/3	Reducer 5: 0/1	Reducer 6: 0/1	
Map 1: 16(+16)/50	Map 10: 3/3	Map 11: 1/1	Map 12: 1/1	Map 13: 1/1	Map 7: 13/13	Map 8: 1/1	Map 9: 3/3	Reducer 2: 0/3	Reducer 3: 0/3	Reducer 4: 0/3	Reducer 5: 0/1	Reducer 6: 0/1	
Map 1: 16(+16)/50	Map 10: 3/3	Map 11: 1/1	Map 12: 1/1	Map 13: 1/1	Map 7: 13/13	Map 8: 1/1	Map 9: 3/3	Reducer 2: 0/3	Reducer 3: 0/3	Reducer 4: 0/3	Reducer 5: 0/1	Reducer 6: 0/1	
Map 1: 16(+16)/50	Map 10: 3/3	Map 11: 1/1	Map 12: 1/1	Map 13: 1/1	Map 7: 13/13	Map 8: 1/1	Map 9: 3/3	Reducer 2: 0/3	Reducer 3: 0/3	Reducer 4: 0/3	Reducer 5: 0/1	Reducer 6: 0/1	
Map 1: 17(+15)/50	Map 10: 3/3	Map 11: 1/1	Map 12: 1/1	Map 13: 1/1	Map 7: 13/13	Map 8: 1/1	Map 9: 3/3	Reducer 2: 0/3	Reducer 3: 0/3	Reducer 4: 0/3	Reducer 5: 0/1	Reducer 6: 0/1	
Map 1: 17(+16)/50	Map 10: 3/3	Map 11: 1/1	Map 12: 1/1	Map 13: 1/1	Map 7: 13/13	Map 8: 1/1	Map 9: 3/3	Reducer 2: 0/3	Reducer 3: 0/3	Reducer 4: 0/3	Reducer 5: 0/1	Reducer 6: 0/1	
Map 1: 17(+16)/50	Map 10: 3/3	Map 11: 1/1	Map 12: 1/1	Map 13: 1/1	Map 7: 13/13	Map 8: 1/1	Map 9: 3/3	Reducer 2: 0/3	Reducer 3: 0/3	Reducer 4: 0/3	Reducer 5: 0/1	Reducer 6: 0/1	
Map 1: 18(+15)/50	Map 10: 3/3	Map 11: 1/1	Map 12: 1/1	Map 13: 1/1	Map 7: 13/13	Map 8: 1/1	Map 9: 3/3	Reducer 2: 0/3	Reducer 3: 0/3	Reducer 4: 0/3	Reducer 5: 0/1	Reducer 6: 0/1	
Map 1: 18(+16)/50	Map 10: 3/3	Map 11: 1/1	Map 12: 1/1	Map 13: 1/1	Map 7: 13/13	Map 8: 1/1	Map 9: 3/3	Reducer 2: 0/3	Reducer 3: 0/3	Reducer 4: 0/3	Reducer 5: 0/1	Reducer 6: 0/1	
Map 1: 18(+16)/50	Map 10: 3/3	Map 11: 1/1	Map 12: 1/1	Map 13: 1/1	Map 7: 13/13	Map 8: 1/1	Map 9: 3/3	Reducer 2: 0/3	Reducer 3: 0/3	Reducer 4: 0/3	Reducer 5: 0/1	Reducer 6: 0/1	
Map 1: 18(+16)/50	Map 10: 3/3	Map 11: 1/1	Map 12: 1/1	Map 13: 1/1	Map 7: 13/13	Map 8: 1/1	Map 9: 3/3	Reducer 2: 0/3	Reducer 3: 0/3	Reducer 4: 0/3	Reducer 5: 0/1	Reducer 6: 0/1	
Map 1: 18(+16)/50	Map 10: 3/3	Map 11: 1/1	Map 12: 1/1	Map 13: 1/1	Map 7: 13/13	Map 8: 1/1	Map 9: 3/3	Reducer 2: 0/3	Reducer 3: 0/3	Reducer 4: 0/3	Reducer 5: 0/1	Reducer 6: 0/1	
Map 1: 19(+15)/50	Map 10: 3/3	Map 11: 1/1	Map 12: 1/1	Map 13: 1/1	Map 7: 13/13	Map 8: 1/1	Map 9: 3/3	Reducer 2: 0/3	Reducer 3: 0/3	Reducer 4: 0/3	Reducer 5: 0/1	Reducer 6: 0/1	
Map 1: 19(+16)/50	Map 10: 3/3	Map 11: 1/1	Map 12: 1/1	Map 13: 1/1	Map 7: 13/13	Map 8: 1/1	Map 9: 3/3	Reducer 2: 0/3	Reducer 3: 0/3	Reducer 4: 0/3	Reducer 5: 0/1	Reducer 6: 0/1	
Map 1: 20(+15)/50	Map 10: 3/3	Map 11: 1/1	Map 12: 1/1	Map 13: 1/1	Map 7: 13/13	Map 8: 1/1	Map 9: 3/3	Reducer 2: 0/3	Reducer 3: 0/3	Reducer 4: 0/3	Reducer 5: 0/1	Reducer 6: 0/1	
Map 1: 21(+14)/50	Map 10: 3/3	Map 11: 1/1	Map 12: 1/1	Map 13: 1/1	Map 7: 13/13	Map 8: 1/1	Map 9: 3/3	Reducer 2: 0/3	Reducer 3: 0/3	Reducer 4: 0/3	Reducer 5: 0/1	Reducer 6: 0/1	
Map 1: 22(+13)/50	Map 10: 3/3	Map 11: 1/1	Map 12: 1/1	Map 13: 1/1	Map 7: 13/13	Map 8: 1/1	Map 9: 3/3	Reducer 2: 0/3	Reducer 3: 0/3	Reducer 4: 0/3	Reducer 5: 0/1	Reducer 6: 0/1	
Map 1: 22(+14)/50	Map 10: 3/3	Map 11: 1/1	Map 12: 1/1	Map 13: 1/1	Map 7: 13/13	Map 8: 1/1	Map 9: 3/3	Reducer 2: 0/3	Reducer 3: 0/3	Reducer 4: 0/3	Reducer 5: 0/1	Reducer 6: 0/1	
Map 1: 22(+15)/50	Map 10: 3/3	Map 11: 1/1	Map 12: 1/1	Map 13: 1/1	Map 7: 13/13	Map 8: 1/1	Map 9: 3/3	Reducer 2: 0/3	Reducer 3: 0/3	Reducer 4: 0/3	Reducer 5: 0/1	Reducer 6: 0/1	
Map 1: 22(+16)/50	Map 10: 3/3	Map 11: 1/1	Map 12: 1/1	Map 13: 1/1	Map 7: 13/13	Map 8: 1/1	Map 9: 3/3	Reducer 2: 0/3	Reducer 3: 0/3	Reducer 4: 0/3	Reducer 5: 0/1	Reducer 6: 0/1	
Map 1: 22(+16)/50	Map 10: 3/3	Map 11: 1/1	Map 12: 1/1	Map 13: 1/1	Map 7: 13/13	Map 8: 1/1	Map 9: 3/3	Reducer 2: 0/3	Reducer 3: 0/3	Reducer 4: 0/3	Reducer 5: 0/1	Reducer 6: 0/1	
Map 1: 22(+16)/50	Map 10: 3/3	Map 11: 1/1	Map 12: 1/1	Map 13: 1/1	Map 7: 13/13	Map 8: 1/1	Map 9: 3/3	Reducer 2: 0/3	Reducer 3: 0/3	Reducer 4: 0/3	Reducer 5: 0/1	Reducer 6: 0/1	
Map 1: 23(+15)/50	Map 10: 3/3	Map 11: 1/1	Map 12: 1/1	Map 13: 1/1	Map 7: 13/13	Map 8: 1/1	Map 9: 3/3	Reducer 2: 0/3	Reducer 3: 0/3	Reducer 4: 0/3	Reducer 5: 0/1	Reducer 6: 0/1	
Map 1: 23(+16)/50	Map 10: 3/3	Map 11: 1/1	Map 12: 1/1	Map 13: 1/1	Map 7: 13/13	Map 8: 1/1	Map 9: 3/3	Reducer 2: 0/3	Reducer 3: 0/3	Reducer 4: 0/3	Reducer 5: 0/1	Reducer 6: 0/1	
Map 1: 24(+15)/50	Map 10: 3/3	Map 11: 1/1	Map 12: 1/1	Map 13: 1/1	Map 7: 13/13	Map 8: 1/1	Map 9: 3/3	Reducer 2: 0/3	Reducer 3: 0/3	Reducer 4: 0/3	Reducer 5: 0/1	Reducer 6: 0/1	
Map 1: 24(+15)/50	Map 10: 3/3	Map 11: 1/1	Map 12: 1/1	Map 13: 1/1	Map 7: 13/13	Map 8: 1/1	Map 9: 3/3	Reducer 2: 0/3	Reducer 3: 0/3	Reducer 4: 0/3	Reducer 5: 0/1	Reducer 6: 0/1	
Map 1: 24(+16)/50	Map 10: 3/3	Map 11: 1/1	Map 12: 1/1	Map 13: 1/1	Map 7: 13/13	Map 8: 1/1	Map 9: 3/3	Reducer 2: 0/3	Reducer 3: 0/3	Reducer 4: 0/3	Reducer 5: 0/1	Reducer 6: 0/1	
Map 1: 24(+16)/50	Map 10: 3/3	Map 11: 1/1	Map 12: 1/1	Map 13: 1/1	Map 7: 13/13	Map 8: 1/1	Map 9: 3/3	Reducer 2: 0/3	Reducer 3: 0/3	Reducer 4: 0/3	Reducer 5: 0/1	Reducer 6: 0/1	
Map 1: 24(+16)/50	Map 10: 3/3	Map 11: 1/1	Map 12: 1/1	Map 13: 1/1	Map 7: 13/13	Map 8: 1/1	Map 9: 3/3	Reducer 2: 0/3	Reducer 3: 0/3	Reducer 4: 0/3	Reducer 5: 0/1	Reducer 6: 0/1	
Map 1: 24(+16)/50	Map 10: 3/3	Map 11: 1/1	Map 12: 1/1	Map 13: 1/1	Map 7: 13/13	Map 8: 1/1	Map 9: 3/3	Reducer 2: 0/3	Reducer 3: 0/3	Reducer 4: 0/3	Reducer 5: 0/1	Reducer 6: 0/1	
Map 1: 24(+16)/50	Map 10: 3/3	Map 11: 1/1	Map 12: 1/1	Map 13: 1/1	Map 7: 13/13	Map 8: 1/1	Map 9: 3/3	Reducer 2: 0/3	Reducer 3: 0/3	Reducer 4: 0/3	Reducer 5: 0/1	Reducer 6: 0/1	
Map 1: 24(+16)/50	Map 10: 3/3	Map 11: 1/1	Map 12: 1/1	Map 13: 1/1	Map 7: 13/13	Map 8: 1/1	Map 9: 3/3	Reducer 2: 0/3	Reducer 3: 0/3	Reducer 4: 0/3	Reducer 5: 0/1	Reducer 6: 0/1	
Map 1: 24(+16)/50	Map 10: 3/3	Map 11: 1/1	Map 12: 1/1	Map 13: 1/1	Map 7: 13/13	Map 8: 1/1	Map 9: 3/3	Reducer 2: 0/3	Reducer 3: 0/3	Reducer 4: 0/3	Reducer 5: 0/1	Reducer 6: 0/1	
Map 1: 24(+16)/50	Map 10: 3/3	Map 11: 1/1	Map 12: 1/1	Map 13: 1/1	Map 7: 13/13	Map 8: 1/1	Map 9: 3/3	Reducer 2: 0/3	Reducer 3: 0/3	Reducer 4: 0/3	Reducer 5: 0/1	Reducer 6: 0/1	
Map 1: 24(+16)/50	Map 10: 3/3	Map 11: 1/1	Map 12: 1/1	Map 13: 1/1	Map 7: 13/13	Map 8: 1/1	Map 9: 3/3	Reducer 2: 0/3	Reducer 3: 0/3	Reducer 4: 0/3	Reducer 5: 0/1	Reducer 6: 0/1	
Map 1: 24(+16)/50	Map 10: 3/3	Map 11: 1/1	Map 12: 1/1	Map 13: 1/1	Map 7: 13/13	Map 8: 1/1	Map 9: 3/3	Reducer 2: 0/3	Reducer 3: 0/3	Reducer 4: 0/3	Reducer 5: 0/1	Reducer 6: 0/1	
Map 1: 24(+16)/50	Map 10: 3/3	Map 11: 1/1	Map 12: 1/1	Map 13: 1/1	Map 7: 13/13	Map 8: 1/1	Map 9: 3/3	Reducer 2: 0/3	Reducer 3: 0/3	Reducer 4: 0/3	Reducer 5: 0/1	Reducer 6: 0/1	
Map 1: 24(+16)/50	Map 10: 3/3	Map 11: 1/1	Map 12: 1/1	Map 13: 1/1	Map 7: 13/13	Map 8: 1/1	Map 9: 3/3	Reducer 2: 0/3	Reducer 3: 0/3	Reducer 4: 0/3	Reducer 5: 0/1	Reducer 6: 0/1	
Map 1: 24(+16)/50	Map 10: 3/3	Map 11: 1/1	Map 12: 1/1	Map 13: 1/1	Map 7: 13/13	Map 8: 1/1	Map 9: 3/3	Reducer 2: 0/3	Reducer 3: 0/3	Reducer 4: 0/3	Reducer 5: 0/1	Reducer 6: 0/1	
Map 1: 24(+16)/50	Map 10: 3/3	Map 11: 1/1	Map 12: 1/1	Map 13: 1/1	Map 7: 13/13	Map 8: 1/1	Map 9: 3/3	Reducer 2: 0/3	Reducer 3: 0/3	Reducer 4: 0/3	Reducer 5: 0/1	Reducer 6: 0/1	
Map 1: 24(+16)/50	Map 10: 3/3	Map 11: 1/1	Map 12: 1/1	Map 13: 1/1	Map 7: 13/13	Map 8: 1/1	Map 9: 3/3	Reducer 2: 0/3	Reducer 3: 0/3	Reducer 4: 0/3	Reducer 5: 0/1	Reducer 6: 0/1	
Map 1: 25(+15)/50	Map 10: 3/3	Map 11: 1/1	Map 12: 1/1	Map 13: 1/1	Map 7: 13/13	Map 8: 1/1	Map 9: 3/3	Reducer 2: 0/3	Reducer 3: 0/3	Reducer 4: 0/3	Reducer 5: 0/1	Reducer 6: 0/1	
Map 1: 25(+15)/50	Map 10: 3/3	Map 11: 1/1	Map 12: 1/1	Map 13: 1/1	Map 7: 13/13	Map 8: 1/1	Map 9: 3/3	Reducer 2: 0/3	Reducer 3: 0/3	Reducer 4: 0/3	Reducer 5: 0/1	Reducer 6: 0/1	
Map 1: 25(+16)/50	Map 10: 3/3	Map 11: 1/1	Map 12: 1/1	Map 13: 1/1	Map 7: 13/13	Map 8: 1/1	Map 9: 3/3	Reducer 2: 0/3	Reducer 3: 0/3	Reducer 4: 0/3	Reducer 5: 0/1	Reducer 6: 0/1	
Map 1: 25(+16)/50	Map 10: 3/3	Map 11: 1/1	Map 12: 1/1	Map 13: 1/1	Map 7: 13/13	Map 8: 1/1	Map 9: 3/3	Reducer 2: 0/3	Reducer 3: 0/3	Reducer 4: 0/3	Reducer 5: 0/1	Reducer 6: 0/1	
Map 1: 26(+15)/50	Map 10: 3/3	Map 11: 1/1	Map 12: 1/1	Map 13: 1/1	Map 7: 13/13	Map 8: 1/1	Map 9: 3/3	Reducer 2: 0/3	Reducer 3: 0/3	Reducer 4: 0/3	Reducer 5: 0/1	Reducer 6: 0/1	
Map 1: 27(+14)/50	Map 10: 3/3	Map 11: 1/1	Map 12: 1/1	Map 13: 1/1	Map 7: 13/13	Map 8: 1/1	Map 9: 3/3	Reducer 2: 0/3	Reducer 3: 0/3	Reducer 4: 0/3	Reducer 5: 0/1	Reducer 6: 0/1	
Map 1: 27(+15)/50	Map 10: 3/3	Map 11: 1/1	Map 12: 1/1	Map 13: 1/1	Map 7: 13/13	Map 8: 1/1	Map 9: 3/3	Reducer 2: 0/3	Reducer 3: 0/3	Reducer 4: 0/3	Reducer 5: 0/1	Reducer 6: 0/1	
Map 1: 27(+16)/50	Map 10: 3/3	Map 11: 1/1	Map 12: 1/1	Map 13: 1/1	Map 7: 13/13	Map 8: 1/1	Map 9: 3/3	Reducer 2: 0/3	Reducer 3: 0/3	Reducer 4: 0/3	Reducer 5: 0/1	Reducer 6: 0/1	
Map 1: 28(+15)/50	Map 10: 3/3	Map 11: 1/1	Map 12: 1/1	Map 13: 1/1	Map 7: 13/13	Map 8: 1/1	Map 9: 3/3	Reducer 2: 0/3	Reducer 3: 0/3	Reducer 4: 0/3	Reducer 5: 0/1	Reducer 6: 0/1	
Map 1: 29(+14)/50	Map 10: 3/3	Map 11: 1/1	Map 12: 1/1	Map 13: 1/1	Map 7: 13/13	Map 8: 1/1	Map 9: 3/3	Reducer 2: 0/3	Reducer 3: 0/3	Reducer 4: 0/3	Reducer 5: 0/1	Reducer 6: 0/1	
Map 1: 29(+15)/50	Map 10: 3/3	Map 11: 1/1	Map 12: 1/1	Map 13: 1/1	Map 7: 13/13	Map 8: 1/1	Map 9: 3/3	Reducer 2: 0/3	Reducer 3: 0/3	Reducer 4: 0/3	Reducer 5: 0/1	Reducer 6: 0/1	
Map 1: 29(+16)/50	Map 10: 3/3	Map 11: 1/1	Map 12: 1/1	Map 13: 1/1	Map 7: 13/13	Map 8: 1/1	Map 9: 3/3	Reducer 2: 0/3	Reducer 3: 0/3	Reducer 4: 0/3	Reducer 5: 0/1	Reducer 6: 0/1	
Map 1: 29(+16)/50	Map 10: 3/3	Map 11: 1/1	Map 12: 1/1	Map 13: 1/1	Map 7: 13/13	Map 8: 1/1	Map 9: 3/3	Reducer 2: 0/3	Reducer 3: 0/3	Reducer 4: 0/3	Reducer 5: 0/1	Reducer 6: 0/1	
Map 1: 29(+16)/50	Map 10: 3/3	Map 11: 1/1	Map 12: 1/1	Map 13: 1/1	Map 7: 13/13	Map 8: 1/1	Map 9: 3/3	Reducer 2: 0/3	Reducer 3: 0/3	Reducer 4: 0/3	Reducer 5: 0/1	Reducer 6: 0/1	
Map 1: 29(+16)/50	Map 10: 3/3	Map 11: 1/1	Map 12: 1/1	Map 13: 1/1	Map 7: 13/13	Map 8: 1/1	Map 9: 3/3	Reducer 2: 0/3	Reducer 3: 0/3	Reducer 4: 0/3	Reducer 5: 0/1	Reducer 6: 0/1	
Map 1: 30(+15)/50	Map 10: 3/3	Map 11: 1/1	Map 12: 1/1	Map 13: 1/1	Map 7: 13/13	Map 8: 1/1	Map 9: 3/3	Reducer 2: 0/3	Reducer 3: 0/3	Reducer 4: 0/3	Reducer 5: 0/1	Reducer 6: 0/1	
Map 1: 30(+15)/50	Map 10: 3/3	Map 11: 1/1	Map 12: 1/1	Map 13: 1/1	Map 7: 13/13	Map 8: 1/1	Map 9: 3/3	Reducer 2: 0/3	Reducer 3: 0/3	Reducer 4: 0/3	Reducer 5: 0/1	Reducer 6: 0/1	
Map 1: 30(+16)/50	Map 10: 3/3	Map 11: 1/1	Map 12: 1/1	Map 13: 1/1	Map 7: 13/13	Map 8: 1/1	Map 9: 3/3	Reducer 2: 0/3	Reducer 3: 0/3	Reducer 4: 0/3	Reducer 5: 0/1	Reducer 6: 0/1	
Map 1: 31(+15)/50	Map 10: 3/3	Map 11: 1/1	Map 12: 1/1	Map 13: 1/1	Map 7: 13/13	Map 8: 1/1	Map 9: 3/3	Reducer 2: 0/3	Reducer 3: 0/3	Reducer 4: 0/3	Reducer 5: 0/1	Reducer 6: 0/1	
Map 1: 31(+15)/50	Map 10: 3/3	Map 11: 1/1	Map 12: 1/1	Map 13: 1/1	Map 7: 13/13	Map 8: 1/1	Map 9: 3/3	Reducer 2: 0/3	Reducer 3: 0/3	Reducer 4: 0/3	Reducer 5: 0/1	Reducer 6: 0/1	
Map 1: 31(+16)/50	Map 10: 3/3	Map 11: 1/1	Map 12: 1/1	Map 13: 1/1	Map 7: 13/13	Map 8: 1/1	Map 9: 3/3	Reducer 2: 0/3	Reducer 3: 0/3	Reducer 4: 0/3	Reducer 5: 0/1	Reducer 6: 0/1	
Map 1: 32(+15)/50	Map 10: 3/3	Map 11: 1/1	Map 12: 1/1	Map 13: 1/1	Map 7: 13/13	Map 8: 1/1	Map 9: 3/3	Reducer 2: 0/3	Reducer 3: 0/3	Reducer 4: 0/3	Reducer 5: 0/1	Reducer 6: 0/1	
Map 1: 32(+16)/50	Map 10: 3/3	Map 11: 1/1	Map 12: 1/1	Map 13: 1/1	Map 7: 13/13	Map 8: 1/1	Map 9: 3/3	Reducer 2: 0/3	Reducer 3: 0/3	Reducer 4: 0/3	Reducer 5: 0/1	Reducer 6: 0/1	
Map 1: 33(+15)/50	Map 10: 3/3	Map 11: 1/1	Map 12: 1/1	Map 13: 1/1	Map 7: 13/13	Map 8: 1/1	Map 9: 3/3	Reducer 2: 0/3	Reducer 3: 0/3	Reducer 4: 0/3	Reducer 5: 0/1	Reducer 6: 0/1	
Map 1: 33(+16)/50	Map 10: 3/3	Map 11: 1/1	Map 12: 1/1	Map 13: 1/1	Map 7: 13/13	Map 8: 1/1	Map 9: 3/3	Reducer 2: 0/3	Reducer 3: 0/3	Reducer 4: 0/3	Reducer 5: 0/1	Reducer 6: 0/1	
Map 1: 33(+16)/50	Map 10: 3/3	Map 11: 1/1	Map 12: 1/1	Map 13: 1/1	Map 7: 13/13	Map 8: 1/1	Map 9: 3/3	Reducer 2: 0/3	Reducer 3: 0/3	Reducer 4: 0/3	Reducer 5: 0/1	Reducer 6: 0/1	
Map 1: 34(+15)/50	Map 10: 3/3	Map 11: 1/1	Map 12: 1/1	Map 13: 1/1	Map 7: 13/13	Map 8: 1/1	Map 9: 3/3	Reducer 2: 0/3	Reducer 3: 0/3	Reducer 4: 0/3	Reducer 5: 0/1	Reducer 6: 0/1	
Map 1: 34(+16)/50	Map 10: 3/3	Map 11: 1/1	Map 12: 1/1	Map 13: 1/1	Map 7: 13/13	Map 8: 1/1	Map 9: 3/3	Reducer 2: 0/3	Reducer 3: 0/3	Reducer 4: 0/3	Reducer 5: 0/1	Reducer 6: 0/1	
Map 1: 34(+16)/50	Map 10: 3/3	Map 11: 1/1	Map 12: 1/1	Map 13: 1/1	Map 7: 13/13	Map 8: 1/1	Map 9: 3/3	Reducer 2: 0/3	Reducer 3: 0/3	Reducer 4: 0/3	Reducer 5: 0/1	Reducer 6: 0/1	
Map 1: 35(+15)/50	Map 10: 3/3	Map 11: 1/1	Map 12: 1/1	Map 13: 1/1	Map 7: 13/13	Map 8: 1/1	Map 9: 3/3	Reducer 2: 0/3	Reducer 3: 0/3	Reducer 4: 0/3	Reducer 5: 0/1	Reducer 6: 0/1	
Map 1: 35(+15)/50	Map 10: 3/3	Map 11: 1/1	Map 12: 1/1	Map 13: 1/1	Map 7: 13/13	Map 8: 1/1	Map 9: 3/3	Reducer 2: 0/3	Reducer 3: 0/3	Reducer 4: 0/3	Reducer 5: 0/1	Reducer 6: 0/1	
Map 1: 35(+15)/50	Map 10: 3/3	Map 11: 1/1	Map 12: 1/1	Map 13: 1/1	Map 7: 13/13	Map 8: 1/1	Map 9: 3/3	Reducer 2: 0/3	Reducer 3: 0/3	Reducer 4: 0/3	Reducer 5: 0/1	Reducer 6: 0/1	
Map 1: 35(+15)/50	Map 10: 3/3	Map 11: 1/1	Map 12: 1/1	Map 13: 1/1	Map 7: 13/13	Map 8: 1/1	Map 9: 3/3	Reducer 2: 0/3	Reducer 3: 0/3	Reducer 4: 0/3	Reducer 5: 0/1	Reducer 6: 0/1	
Map 1: 36(+14)/50	Map 10: 3/3	Map 11: 1/1	Map 12: 1/1	Map 13: 1/1	Map 7: 13/13	Map 8: 1/1	Map 9: 3/3	Reducer 2: 0/3	Reducer 3: 0/3	Reducer 4: 0/3	Reducer 5: 0/1	Reducer 6: 0/1	
Map 1: 36(+14)/50	Map 10: 3/3	Map 11: 1/1	Map 12: 1/1	Map 13: 1/1	Map 7: 13/13	Map 8: 1/1	Map 9: 3/3	Reducer 2: 0/3	Reducer 3: 0/3	Reducer 4: 0/3	Reducer 5: 0/1	Reducer 6: 0/1	
Map 1: 37(+13)/50	Map 10: 3/3	Map 11: 1/1	Map 12: 1/1	Map 13: 1/1	Map 7: 13/13	Map 8: 1/1	Map 9: 3/3	Reducer 2: 0/3	Reducer 3: 0/3	Reducer 4: 0/3	Reducer 5: 0/1	Reducer 6: 0/1	
Map 1: 38(+12)/50	Map 10: 3/3	Map 11: 1/1	Map 12: 1/1	Map 13: 1/1	Map 7: 13/13	Map 8: 1/1	Map 9: 3/3	Reducer 2: 0/3	Reducer 3: 0/3	Reducer 4: 0/3	Reducer 5: 0/1	Reducer 6: 0/1	
Map 1: 38(+12)/50	Map 10: 3/3	Map 11: 1/1	Map 12: 1/1	Map 13: 1/1	Map 7: 13/13	Map 8: 1/1	Map 9: 3/3	Reducer 2: 0/3	Reducer 3: 0/3	Reducer 4: 0/3	Reducer 5: 0/1	Reducer 6: 0/1	
Map 1: 38(+12)/50	Map 10: 3/3	Map 11: 1/1	Map 12: 1/1	Map 13: 1/1	Map 7: 13/13	Map 8: 1/1	Map 9: 3/3	Reducer 2: 0/3	Reducer 3: 0/3	Reducer 4: 0/3	Reducer 5: 0/1	Reducer 6: 0/1	
Map 1: 39(+11)/50	Map 10: 3/3	Map 11: 1/1	Map 12: 1/1	Map 13: 1/1	Map 7: 13/13	Map 8: 1/1	Map 9: 3/3	Reducer 2: 0/3	Reducer 3: 0/3	Reducer 4: 0/3	Reducer 5: 0/1	Reducer 6: 0/1	
Map 1: 39(+11)/50	Map 10: 3/3	Map 11: 1/1	Map 12: 1/1	Map 13: 1/1	Map 7: 13/13	Map 8: 1/1	Map 9: 3/3	Reducer 2: 0/3	Reducer 3: 0/3	Reducer 4: 0/3	Reducer 5: 0/1	Reducer 6: 0/1	
Map 1: 39(+11)/50	Map 10: 3/3	Map 11: 1/1	Map 12: 1/1	Map 13: 1/1	Map 7: 13/13	Map 8: 1/1	Map 9: 3/3	Reducer 2: 0/3	Reducer 3: 0/3	Reducer 4: 0/3	Reducer 5: 0/1	Reducer 6: 0/1	
Map 1: 39(+11)/50	Map 10: 3/3	Map 11: 1/1	Map 12: 1/1	Map 13: 1/1	Map 7: 13/13	Map 8: 1/1	Map 9: 3/3	Reducer 2: 0/3	Reducer 3: 0/3	Reducer 4: 0/3	Reducer 5: 0/1	Reducer 6: 0/1	
Map 1: 39(+11)/50	Map 10: 3/3	Map 11: 1/1	Map 12: 1/1	Map 13: 1/1	Map 7: 13/13	Map 8: 1/1	Map 9: 3/3	Reducer 2: 0/3	Reducer 3: 0/3	Reducer 4: 0/3	Reducer 5: 0/1	Reducer 6: 0/1	
Map 1: 40(+10)/50	Map 10: 3/3	Map 11: 1/1	Map 12: 1/1	Map 13: 1/1	Map 7: 13/13	Map 8: 1/1	Map 9: 3/3	Reducer 2: 0/3	Reducer 3: 0/3	Reducer 4: 0/3	Reducer 5: 0/1	Reducer 6: 0/1	
Map 1: 40(+10)/50	Map 10: 3/3	Map 11: 1/1	Map 12: 1/1	Map 13: 1/1	Map 7: 13/13	Map 8: 1/1	Map 9: 3/3	Reducer 2: 0/3	Reducer 3: 0/3	Reducer 4: 0/3	Reducer 5: 0/1	Reducer 6: 0/1	
Map 1: 40(+10)/50	Map 10: 3/3	Map 11: 1/1	Map 12: 1/1	Map 13: 1/1	Map 7: 13/13	Map 8: 1/1	Map 9: 3/3	Reducer 2: 0/3	Reducer 3: 0/3	Reducer 4: 0/3	Reducer 5: 0/1	Reducer 6: 0/1	
Map 1: 40(+10)/50	Map 10: 3/3	Map 11: 1/1	Map 12: 1/1	Map 13: 1/1	Map 7: 13/13	Map 8: 1/1	Map 9: 3/3	Reducer 2: 0/3	Reducer 3: 0/3	Reducer 4: 0/3	Reducer 5: 0/1	Reducer 6: 0/1	
Map 1: 40(+10)/50	Map 10: 3/3	Map 11: 1/1	Map 12: 1/1	Map 13: 1/1	Map 7: 13/13	Map 8: 1/1	Map 9: 3/3	Reducer 2: 0/3	Reducer 3: 0/3	Reducer 4: 0/3	Reducer 5: 0/1	Reducer 6: 0/1	
Map 1: 40(+10)/50	Map 10: 3/3	Map 11: 1/1	Map 12: 1/1	Map 13: 1/1	Map 7: 13/13	Map 8: 1/1	Map 9: 3/3	Reducer 2: 0/3	Reducer 3: 0/3	Reducer 4: 0/3	Reducer 5: 0/1	Reducer 6: 0/1	
Map 1: 40(+10)/50	Map 10: 3/3	Map 11: 1/1	Map 12: 1/1	Map 13: 1/1	Map 7: 13/13	Map 8: 1/1	Map 9: 3/3	Reducer 2: 0/3	Reducer 3: 0/3	Reducer 4: 0/3	Reducer 5: 0/1	Reducer 6: 0/1	
Map 1: 40(+10)/50	Map 10: 3/3	Map 11: 1/1	Map 12: 1/1	Map 13: 1/1	Map 7: 13/13	Map 8: 1/1	Map 9: 3/3	Reducer 2: 0/3	Reducer 3: 0/3	Reducer 4: 0/3	Reducer 5: 0/1	Reducer 6: 0/1	
Map 1: 40(+10)/50	Map 10: 3/3	Map 11: 1/1	Map 12: 1/1	Map 13: 1/1	Map 7: 13/13	Map 8: 1/1	Map 9: 3/3	Reducer 2: 0/3	Reducer 3: 0/3	Reducer 4: 0/3	Reducer 5: 0/1	Reducer 6: 0/1	
Map 1: 40(+10)/50	Map 10: 3/3	Map 11: 1/1	Map 12: 1/1	Map 13: 1/1	Map 7: 13/13	Map 8: 1/1	Map 9: 3/3	Reducer 2: 0/3	Reducer 3: 0/3	Reducer 4: 0/3	Reducer 5: 0/1	Reducer 6: 0/1	
Map 1: 40(+10)/50	Map 10: 3/3	Map 11: 1/1	Map 12: 1/1	Map 13: 1/1	Map 7: 13/13	Map 8: 1/1	Map 9: 3/3	Reducer 2: 0/3	Reducer 3: 0/3	Reducer 4: 0/3	Reducer 5: 0/1	Reducer 6: 0/1	
Map 1: 40(+10)/50	Map 10: 3/3	Map 11: 1/1	Map 12: 1/1	Map 13: 1/1	Map 7: 13/13	Map 8: 1/1	Map 9: 3/3	Reducer 2: 0/3	Reducer 3: 0/3	Reducer 4: 0/3	Reducer 5: 0/1	Reducer 6: 0/1	
Map 1: 40(+10)/50	Map 10: 3/3	Map 11: 1/1	Map 12: 1/1	Map 13: 1/1	Map 7: 13/13	Map 8: 1/1	Map 9: 3/3	Reducer 2: 0/3	Reducer 3: 0/3	Reducer 4: 0/3	Reducer 5: 0/1	Reducer 6: 0/1	
Map 1: 40(+10)/50	Map 10: 3/3	Map 11: 1/1	Map 12: 1/1	Map 13: 1/1	Map 7: 13/13	Map 8: 1/1	Map 9: 3/3	Reducer 2: 0/3	Reducer 3: 0/3	Reducer 4: 0/3	Reducer 5: 0/1	Reducer 6: 0/1	
Map 1: 40(+10)/50	Map 10: 3/3	Map 11: 1/1	Map 12: 1/1	Map 13: 1/1	Map 7: 13/13	Map 8: 1/1	Map 9: 3/3	Reducer 2: 0/3	Reducer 3: 0/3	Reducer 4: 0/3	Reducer 5: 0/1	Reducer 6: 0/1	
Map 1: 40(+10)/50	Map 10: 3/3	Map 11: 1/1	Map 12: 1/1	Map 13: 1/1	Map 7: 13/13	Map 8: 1/1	Map 9: 3/3	Reducer 2: 0/3	Reducer 3: 0/3	Reducer 4: 0/3	Reducer 5: 0/1	Reducer 6: 0/1	
Map 1: 40(+10)/50	Map 10: 3/3	Map 11: 1/1	Map 12: 1/1	Map 13: 1/1	Map 7: 13/13	Map 8: 1/1	Map 9: 3/3	Reducer 2: 0/3	Reducer 3: 0/3	Reducer 4: 0/3	Reducer 5: 0/1	Reducer 6: 0/1	
Map 1: 41(+9)/50	Map 10: 3/3	Map 11: 1/1	Map 12: 1/1	Map 13: 1/1	Map 7: 13/13	Map 8: 1/1	Map 9: 3/3	Reducer 2: 0/3	Reducer 3: 0/3	Reducer 4: 0/3	Reducer 5: 0/1	Reducer 6: 0/1	
Map 1: 41(+9)/50	Map 10: 3/3	Map 11: 1/1	Map 12: 1/1	Map 13: 1/1	Map 7: 13/13	Map 8: 1/1	Map 9: 3/3	Reducer 2: 0/3	Reducer 3: 0/3	Reducer 4: 0/3	Reducer 5: 0/1	Reducer 6: 0/1	
Map 1: 41(+9)/50	Map 10: 3/3	Map 11: 1/1	Map 12: 1/1	Map 13: 1/1	Map 7: 13/13	Map 8: 1/1	Map 9: 3/3	Reducer 2: 0/3	Reducer 3: 0/3	Reducer 4: 0/3	Reducer 5: 0/1	Reducer 6: 0/1	
Map 1: 42(+8)/50	Map 10: 3/3	Map 11: 1/1	Map 12: 1/1	Map 13: 1/1	Map 7: 13/13	Map 8: 1/1	Map 9: 3/3	Reducer 2: 0/3	Reducer 3: 0/3	Reducer 4: 0/3	Reducer 5: 0/1	Reducer 6: 0/1	
Map 1: 42(+8)/50	Map 10: 3/3	Map 11: 1/1	Map 12: 1/1	Map 13: 1/1	Map 7: 13/13	Map 8: 1/1	Map 9: 3/3	Reducer 2: 0/3	Reducer 3: 0/3	Reducer 4: 0/3	Reducer 5: 0/1	Reducer 6: 0/1	
Map 1: 42(+8)/50	Map 10: 3/3	Map 11: 1/1	Map 12: 1/1	Map 13: 1/1	Map 7: 13/13	Map 8: 1/1	Map 9: 3/3	Reducer 2: 0/3	Reducer 3: 0/3	Reducer 4: 0/3	Reducer 5: 0/1	Reducer 6: 0/1	
Map 1: 43(+7)/50	Map 10: 3/3	Map 11: 1/1	Map 12: 1/1	Map 13: 1/1	Map 7: 13/13	Map 8: 1/1	Map 9: 3/3	Reducer 2: 0/3	Reducer 3: 0/3	Reducer 4: 0/3	Reducer 5: 0/1	Reducer 6: 0/1	
Map 1: 44(+6)/50	Map 10: 3/3	Map 11: 1/1	Map 12: 1/1	Map 13: 1/1	Map 7: 13/13	Map 8: 1/1	Map 9: 3/3	Reducer 2: 0/3	Reducer 3: 0/3	Reducer 4: 0/3	Reducer 5: 0/1	Reducer 6: 0/1	
Map 1: 44(+6)/50	Map 10: 3/3	Map 11: 1/1	Map 12: 1/1	Map 13: 1/1	Map 7: 13/13	Map 8: 1/1	Map 9: 3/3	Reducer 2: 0/3	Reducer 3: 0/3	Reducer 4: 0/3	Reducer 5: 0/1	Reducer 6: 0/1	
Map 1: 44(+6)/50	Map 10: 3/3	Map 11: 1/1	Map 12: 1/1	Map 13: 1/1	Map 7: 13/13	Map 8: 1/1	Map 9: 3/3	Reducer 2: 0/3	Reducer 3: 0/3	Reducer 4: 0/3	Reducer 5: 0/1	Reducer 6: 0/1	
Map 1: 45(+5)/50	Map 10: 3/3	Map 11: 1/1	Map 12: 1/1	Map 13: 1/1	Map 7: 13/13	Map 8: 1/1	Map 9: 3/3	Reducer 2: 0/3	Reducer 3: 0/3	Reducer 4: 0/3	Reducer 5: 0/1	Reducer 6: 0/1	
Map 1: 46(+4)/50	Map 10: 3/3	Map 11: 1/1	Map 12: 1/1	Map 13: 1/1	Map 7: 13/13	Map 8: 1/1	Map 9: 3/3	Reducer 2: 0/3	Reducer 3: 0/3	Reducer 4: 0/3	Reducer 5: 0/1	Reducer 6: 0/1	
Map 1: 46(+4)/50	Map 10: 3/3	Map 11: 1/1	Map 12: 1/1	Map 13: 1/1	Map 7: 13/13	Map 8: 1/1	Map 9: 3/3	Reducer 2: 0/3	Reducer 3: 0/3	Reducer 4: 0/3	Reducer 5: 0/1	Reducer 6: 0/1	
Map 1: 47(+3)/50	Map 10: 3/3	Map 11: 1/1	Map 12: 1/1	Map 13: 1/1	Map 7: 13/13	Map 8: 1/1	Map 9: 3/3	Reducer 2: 0/3	Reducer 3: 0/3	Reducer 4: 0/3	Reducer 5: 0/1	Reducer 6: 0/1	
Map 1: 48(+2)/50	Map 10: 3/3	Map 11: 1/1	Map 12: 1/1	Map 13: 1/1	Map 7: 13/13	Map 8: 1/1	Map 9: 3/3	Reducer 2: 0/3	Reducer 3: 0/3	Reducer 4: 0/3	Reducer 5: 0/1	Reducer 6: 0/1	
Map 1: 48(+2)/50	Map 10: 3/3	Map 11: 1/1	Map 12: 1/1	Map 13: 1/1	Map 7: 13/13	Map 8: 1/1	Map 9: 3/3	Reducer 2: 0/3	Reducer 3: 0/3	Reducer 4: 0/3	Reducer 5: 0/1	Reducer 6: 0/1	
Map 1: 49(+1)/50	Map 10: 3/3	Map 11: 1/1	Map 12: 1/1	Map 13: 1/1	Map 7: 13/13	Map 8: 1/1	Map 9: 3/3	Reducer 2: 0/3	Reducer 3: 0/3	Reducer 4: 0/3	Reducer 5: 0/1	Reducer 6: 0/1	
Map 1: 50/50	Map 10: 3/3	Map 11: 1/1	Map 12: 1/1	Map 13: 1/1	Map 7: 13/13	Map 8: 1/1	Map 9: 3/3	Reducer 2: 0/3	Reducer 3: 0/3	Reducer 4: 0/3	Reducer 5: 0/1	Reducer 6: 0/1	
Map 1: 50/50	Map 10: 3/3	Map 11: 1/1	Map 12: 1/1	Map 13: 1/1	Map 7: 13/13	Map 8: 1/1	Map 9: 3/3	Reducer 2: 0(+1)/3	Reducer 3: 0/3	Reducer 4: 0/3	Reducer 5: 0/1	Reducer 6: 0/1	
Map 1: 50/50	Map 10: 3/3	Map 11: 1/1	Map 12: 1/1	Map 13: 1/1	Map 7: 13/13	Map 8: 1/1	Map 9: 3/3	Reducer 2: 0(+2)/3	Reducer 3: 0/3	Reducer 4: 0/3	Reducer 5: 0/1	Reducer 6: 0/1	
Map 1: 50/50	Map 10: 3/3	Map 11: 1/1	Map 12: 1/1	Map 13: 1/1	Map 7: 13/13	Map 8: 1/1	Map 9: 3/3	Reducer 2: 0(+3)/3	Reducer 3: 0/3	Reducer 4: 0/3	Reducer 5: 0/1	Reducer 6: 0/1	
Map 1: 50/50	Map 10: 3/3	Map 11: 1/1	Map 12: 1/1	Map 13: 1/1	Map 7: 13/13	Map 8: 1/1	Map 9: 3/3	Reducer 2: 0(+3)/3	Reducer 3: 0/3	Reducer 4: 0/3	Reducer 5: 0/1	Reducer 6: 0/1	
Map 1: 50/50	Map 10: 3/3	Map 11: 1/1	Map 12: 1/1	Map 13: 1/1	Map 7: 13/13	Map 8: 1/1	Map 9: 3/3	Reducer 2: 0(+3)/3	Reducer 3: 0/3	Reducer 4: 0/3	Reducer 5: 0/1	Reducer 6: 0/1	
Map 1: 50/50	Map 10: 3/3	Map 11: 1/1	Map 12: 1/1	Map 13: 1/1	Map 7: 13/13	Map 8: 1/1	Map 9: 3/3	Reducer 2: 0(+3)/3	Reducer 3: 0/3	Reducer 4: 0/3	Reducer 5: 0/1	Reducer 6: 0/1	
Map 1: 50/50	Map 10: 3/3	Map 11: 1/1	Map 12: 1/1	Map 13: 1/1	Map 7: 13/13	Map 8: 1/1	Map 9: 3/3	Reducer 2: 0(+3)/3	Reducer 3: 0/3	Reducer 4: 0/3	Reducer 5: 0/1	Reducer 6: 0/1	
Map 1: 50/50	Map 10: 3/3	Map 11: 1/1	Map 12: 1/1	Map 13: 1/1	Map 7: 13/13	Map 8: 1/1	Map 9: 3/3	Reducer 2: 0(+3)/3	Reducer 3: 0/3	Reducer 4: 0/3	Reducer 5: 0/1	Reducer 6: 0/1	
Map 1: 50/50	Map 10: 3/3	Map 11: 1/1	Map 12: 1/1	Map 13: 1/1	Map 7: 13/13	Map 8: 1/1	Map 9: 3/3	Reducer 2: 0(+3)/3	Reducer 3: 0/3	Reducer 4: 0/3	Reducer 5: 0/1	Reducer 6: 0/1	
Map 1: 50/50	Map 10: 3/3	Map 11: 1/1	Map 12: 1/1	Map 13: 1/1	Map 7: 13/13	Map 8: 1/1	Map 9: 3/3	Reducer 2: 0(+3)/3	Reducer 3: 0/3	Reducer 4: 0/3	Reducer 5: 0/1	Reducer 6: 0/1	
Map 1: 50/50	Map 10: 3/3	Map 11: 1/1	Map 12: 1/1	Map 13: 1/1	Map 7: 13/13	Map 8: 1/1	Map 9: 3/3	Reducer 2: 1(+2)/3	Reducer 3: 0/3	Reducer 4: 0/3	Reducer 5: 0/1	Reducer 6: 0/1	
Map 1: 50/50	Map 10: 3/3	Map 11: 1/1	Map 12: 1/1	Map 13: 1/1	Map 7: 13/13	Map 8: 1/1	Map 9: 3/3	Reducer 2: 3/3	Reducer 3: 0/3	Reducer 4: 0/3	Reducer 5: 0/1	Reducer 6: 0/1	
Map 1: 50/50	Map 10: 3/3	Map 11: 1/1	Map 12: 1/1	Map 13: 1/1	Map 7: 13/13	Map 8: 1/1	Map 9: 3/3	Reducer 2: 3/3	Reducer 3: 0(+2)/3	Reducer 4: 0/3	Reducer 5: 0/1	Reducer 6: 0/1	
Map 1: 50/50	Map 10: 3/3	Map 11: 1/1	Map 12: 1/1	Map 13: 1/1	Map 7: 13/13	Map 8: 1/1	Map 9: 3/3	Reducer 2: 3/3	Reducer 3: 0(+3)/3	Reducer 4: 0/3	Reducer 5: 0/1	Reducer 6: 0/1	
Map 1: 50/50	Map 10: 3/3	Map 11: 1/1	Map 12: 1/1	Map 13: 1/1	Map 7: 13/13	Map 8: 1/1	Map 9: 3/3	Reducer 2: 3/3	Reducer 3: 0(+3)/3	Reducer 4: 0/3	Reducer 5: 0/1	Reducer 6: 0/1	
Map 1: 50/50	Map 10: 3/3	Map 11: 1/1	Map 12: 1/1	Map 13: 1/1	Map 7: 13/13	Map 8: 1/1	Map 9: 3/3	Reducer 2: 3/3	Reducer 3: 0(+3)/3	Reducer 4: 0/3	Reducer 5: 0/1	Reducer 6: 0/1	
Map 1: 50/50	Map 10: 3/3	Map 11: 1/1	Map 12: 1/1	Map 13: 1/1	Map 7: 13/13	Map 8: 1/1	Map 9: 3/3	Reducer 2: 3/3	Reducer 3: 0(+3)/3	Reducer 4: 0/3	Reducer 5: 0/1	Reducer 6: 0/1	
Map 1: 50/50	Map 10: 3/3	Map 11: 1/1	Map 12: 1/1	Map 13: 1/1	Map 7: 13/13	Map 8: 1/1	Map 9: 3/3	Reducer 2: 3/3	Reducer 3: 0(+3)/3	Reducer 4: 0/3	Reducer 5: 0/1	Reducer 6: 0/1	
Map 1: 50/50	Map 10: 3/3	Map 11: 1/1	Map 12: 1/1	Map 13: 1/1	Map 7: 13/13	Map 8: 1/1	Map 9: 3/3	Reducer 2: 3/3	Reducer 3: 0(+3)/3	Reducer 4: 0/3	Reducer 5: 0/1	Reducer 6: 0/1	
Map 1: 50/50	Map 10: 3/3	Map 11: 1/1	Map 12: 1/1	Map 13: 1/1	Map 7: 13/13	Map 8: 1/1	Map 9: 3/3	Reducer 2: 3/3	Reducer 3: 0(+3)/3	Reducer 4: 0/3	Reducer 5: 0/1	Reducer 6: 0/1	
Map 1: 50/50	Map 10: 3/3	Map 11: 1/1	Map 12: 1/1	Map 13: 1/1	Map 7: 13/13	Map 8: 1/1	Map 9: 3/3	Reducer 2: 3/3	Reducer 3: 0(+3)/3	Reducer 4: 0/3	Reducer 5: 0/1	Reducer 6: 0/1	
Map 1: 50/50	Map 10: 3/3	Map 11: 1/1	Map 12: 1/1	Map 13: 1/1	Map 7: 13/13	Map 8: 1/1	Map 9: 3/3	Reducer 2: 3/3	Reducer 3: 0(+3)/3	Reducer 4: 0/3	Reducer 5: 0/1	Reducer 6: 0/1	
Map 1: 50/50	Map 10: 3/3	Map 11: 1/1	Map 12: 1/1	Map 13: 1/1	Map 7: 13/13	Map 8: 1/1	Map 9: 3/3	Reducer 2: 3/3	Reducer 3: 1(+2)/3	Reducer 4: 0/3	Reducer 5: 0/1	Reducer 6: 0/1	
Map 1: 50/50	Map 10: 3/3	Map 11: 1/1	Map 12: 1/1	Map 13: 1/1	Map 7: 13/13	Map 8: 1/1	Map 9: 3/3	Reducer 2: 3/3	Reducer 3: 2(+1)/3	Reducer 4: 0/3	Reducer 5: 0/1	Reducer 6: 0/1	
Map 1: 50/50	Map 10: 3/3	Map 11: 1/1	Map 12: 1/1	Map 13: 1/1	Map 7: 13/13	Map 8: 1/1	Map 9: 3/3	Reducer 2: 3/3	Reducer 3: 3/3	Reducer 4: 0/3	Reducer 5: 0/1	Reducer 6: 0/1	
Map 1: 50/50	Map 10: 3/3	Map 11: 1/1	Map 12: 1/1	Map 13: 1/1	Map 7: 13/13	Map 8: 1/1	Map 9: 3/3	Reducer 2: 3/3	Reducer 3: 3/3	Reducer 4: 0(+1)/3	Reducer 5: 0/1	Reducer 6: 0/1	
Map 1: 50/50	Map 10: 3/3	Map 11: 1/1	Map 12: 1/1	Map 13: 1/1	Map 7: 13/13	Map 8: 1/1	Map 9: 3/3	Reducer 2: 3/3	Reducer 3: 3/3	Reducer 4: 0(+3)/3	Reducer 5: 0/1	Reducer 6: 0/1	
Map 1: 50/50	Map 10: 3/3	Map 11: 1/1	Map 12: 1/1	Map 13: 1/1	Map 7: 13/13	Map 8: 1/1	Map 9: 3/3	Reducer 2: 3/3	Reducer 3: 3/3	Reducer 4: 0(+3)/3	Reducer 5: 0/1	Reducer 6: 0/1	
Map 1: 50/50	Map 10: 3/3	Map 11: 1/1	Map 12: 1/1	Map 13: 1/1	Map 7: 13/13	Map 8: 1/1	Map 9: 3/3	Reducer 2: 3/3	Reducer 3: 3/3	Reducer 4: 0(+3)/3	Reducer 5: 0/1	Reducer 6: 0/1	
Map 1: 50/50	Map 10: 3/3	Map 11: 1/1	Map 12: 1/1	Map 13: 1/1	Map 7: 13/13	Map 8: 1/1	Map 9: 3/3	Reducer 2: 3/3	Reducer 3: 3/3	Reducer 4: 0(+3)/3	Reducer 5: 0/1	Reducer 6: 0/1	
Map 1: 50/50	Map 10: 3/3	Map 11: 1/1	Map 12: 1/1	Map 13: 1/1	Map 7: 13/13	Map 8: 1/1	Map 9: 3/3	Reducer 2: 3/3	Reducer 3: 3/3	Reducer 4: 0(+3)/3	Reducer 5: 0/1	Reducer 6: 0/1	
Map 1: 50/50	Map 10: 3/3	Map 11: 1/1	Map 12: 1/1	Map 13: 1/1	Map 7: 13/13	Map 8: 1/1	Map 9: 3/3	Reducer 2: 3/3	Reducer 3: 3/3	Reducer 4: 0(+3)/3	Reducer 5: 0/1	Reducer 6: 0/1	
Map 1: 50/50	Map 10: 3/3	Map 11: 1/1	Map 12: 1/1	Map 13: 1/1	Map 7: 13/13	Map 8: 1/1	Map 9: 3/3	Reducer 2: 3/3	Reducer 3: 3/3	Reducer 4: 0(+3)/3	Reducer 5: 0/1	Reducer 6: 0/1	
Map 1: 50/50	Map 10: 3/3	Map 11: 1/1	Map 12: 1/1	Map 13: 1/1	Map 7: 13/13	Map 8: 1/1	Map 9: 3/3	Reducer 2: 3/3	Reducer 3: 3/3	Reducer 4: 0(+3)/3	Reducer 5: 0/1	Reducer 6: 0/1	
Map 1: 50/50	Map 10: 3/3	Map 11: 1/1	Map 12: 1/1	Map 13: 1/1	Map 7: 13/13	Map 8: 1/1	Map 9: 3/3	Reducer 2: 3/3	Reducer 3: 3/3	Reducer 4: 1(+2)/3	Reducer 5: 0/1	Reducer 6: 0/1	
Map 1: 50/50	Map 10: 3/3	Map 11: 1/1	Map 12: 1/1	Map 13: 1/1	Map 7: 13/13	Map 8: 1/1	Map 9: 3/3	Reducer 2: 3/3	Reducer 3: 3/3	Reducer 4: 2(+1)/3	Reducer 5: 0/1	Reducer 6: 0/1	
Map 1: 50/50	Map 10: 3/3	Map 11: 1/1	Map 12: 1/1	Map 13: 1/1	Map 7: 13/13	Map 8: 1/1	Map 9: 3/3	Reducer 2: 3/3	Reducer 3: 3/3	Reducer 4: 3/3	Reducer 5: 0/1	Reducer 6: 0/1	
Map 1: 50/50	Map 10: 3/3	Map 11: 1/1	Map 12: 1/1	Map 13: 1/1	Map 7: 13/13	Map 8: 1/1	Map 9: 3/3	Reducer 2: 3/3	Reducer 3: 3/3	Reducer 4: 3/3	Reducer 5: 0(+1)/1	Reducer 6: 0/1	
Map 1: 50/50	Map 10: 3/3	Map 11: 1/1	Map 12: 1/1	Map 13: 1/1	Map 7: 13/13	Map 8: 1/1	Map 9: 3/3	Reducer 2: 3/3	Reducer 3: 3/3	Reducer 4: 3/3	Reducer 5: 1/1	Reducer 6: 0/1	
Map 1: 50/50	Map 10: 3/3	Map 11: 1/1	Map 12: 1/1	Map 13: 1/1	Map 7: 13/13	Map 8: 1/1	Map 9: 3/3	Reducer 2: 3/3	Reducer 3: 3/3	Reducer 4: 3/3	Reducer 5: 1/1	Reducer 6: 0(+1)/1	
Map 1: 50/50	Map 10: 3/3	Map 11: 1/1	Map 12: 1/1	Map 13: 1/1	Map 7: 13/13	Map 8: 1/1	Map 9: 3/3	Reducer 2: 3/3	Reducer 3: 3/3	Reducer 4: 3/3	Reducer 5: 1/1	Reducer 6: 1/1	
OK
Time taken: 639.14 seconds, Fetched: 32 row(s)
30.56user 2.32system 11:05.09elapsed 4%CPU (0avgtext+0avgdata 647224maxresident)k
112712inputs+2160outputs (108major+107199minor)pagefaults 0swaps
