
Logging initialized using configuration in jar:file:/home/ubuntu/software/hive-1.2.1/lib/hive-common-1.2.1.jar!/hive-log4j.properties
Hive history file=/tmp/ubuntu/hive_job_log_56030d2f-fc16-4759-8a23-daa604627827_789754751.txt
SLF4J: Class path contains multiple SLF4J bindings.
SLF4J: Found binding in [jar:file:/home/ubuntu/software/tez-0.7.1-SNAPSHOT-minimal/lib/slf4j-log4j12-1.7.5.jar!/org/slf4j/impl/StaticLoggerBinder.class]
SLF4J: Found binding in [jar:file:/home/ubuntu/software/hadoop-2.6.0/share/hadoop/common/lib/slf4j-log4j12-1.7.5.jar!/org/slf4j/impl/StaticLoggerBinder.class]
SLF4J: See http://www.slf4j.org/codes.html#multiple_bindings for an explanation.
SLF4J: Actual binding is of type [org.slf4j.impl.Log4jLoggerFactory]
OK
Time taken: 1.813 seconds
Query ID = ubuntu_20150920205630_29211fd0-b9b4-4f37-b754-60906b623da8
Total jobs = 11
Stage-29 is selected by condition resolver.
Stage-1 is filtered out by condition resolver.
Stage-30 is selected by condition resolver.
Stage-7 is filtered out by condition resolver.
Stage-31 is selected by condition resolver.
Stage-9 is filtered out by condition resolver.
SLF4J: Class path contains multiple SLF4J bindings.
SLF4J: Found binding in [jar:file:/home/ubuntu/software/tez-0.7.1-SNAPSHOT-minimal/lib/slf4j-log4j12-1.7.5.jar!/org/slf4j/impl/StaticLoggerBinder.class]
SLF4J: Found binding in [jar:file:/home/ubuntu/software/hadoop-2.6.0/share/hadoop/common/lib/slf4j-log4j12-1.7.5.jar!/org/slf4j/impl/StaticLoggerBinder.class]
SLF4J: See http://www.slf4j.org/codes.html#multiple_bindings for an explanation.
SLF4J: Actual binding is of type [org.slf4j.impl.Log4jLoggerFactory]
Execution log at: /tmp/ubuntu/ubuntu_20150920205630_29211fd0-b9b4-4f37-b754-60906b623da8.log
2015-09-20 20:56:41	Starting to launch local task to process map join;	maximum memory = 932184064
2015-09-20 20:56:43	Dump the side-table for tag: 1 with group count: 31 into file: file:/tmp/ubuntu/56030d2f-fc16-4759-8a23-daa604627827/hive_2015-09-20_20-56-30_224_1136683276534201017-1/-local-10016/HashTable-Stage-17/MapJoin-mapfile31--.hashtable
2015-09-20 20:56:43	Uploaded 1 File to: file:/tmp/ubuntu/56030d2f-fc16-4759-8a23-daa604627827/hive_2015-09-20_20-56-30_224_1136683276534201017-1/-local-10016/HashTable-Stage-17/MapJoin-mapfile31--.hashtable (914 bytes)
2015-09-20 20:56:43	End of local task; Time Taken: 2.247 sec.
Execution completed successfully
MapredLocal task succeeded
SLF4J: Class path contains multiple SLF4J bindings.
SLF4J: Found binding in [jar:file:/home/ubuntu/software/tez-0.7.1-SNAPSHOT-minimal/lib/slf4j-log4j12-1.7.5.jar!/org/slf4j/impl/StaticLoggerBinder.class]
SLF4J: Found binding in [jar:file:/home/ubuntu/software/hadoop-2.6.0/share/hadoop/common/lib/slf4j-log4j12-1.7.5.jar!/org/slf4j/impl/StaticLoggerBinder.class]
SLF4J: See http://www.slf4j.org/codes.html#multiple_bindings for an explanation.
SLF4J: Actual binding is of type [org.slf4j.impl.Log4jLoggerFactory]
Execution log at: /tmp/ubuntu/ubuntu_20150920205630_29211fd0-b9b4-4f37-b754-60906b623da8.log
2015-09-20 20:56:49	Starting to launch local task to process map join;	maximum memory = 932184064
2015-09-20 20:56:51	Dump the side-table for tag: 1 with group count: 31 into file: file:/tmp/ubuntu/56030d2f-fc16-4759-8a23-daa604627827/hive_2015-09-20_20-56-30_224_1136683276534201017-1/-local-10018/HashTable-Stage-20/MapJoin-mapfile51--.hashtable
2015-09-20 20:56:51	Uploaded 1 File to: file:/tmp/ubuntu/56030d2f-fc16-4759-8a23-daa604627827/hive_2015-09-20_20-56-30_224_1136683276534201017-1/-local-10018/HashTable-Stage-20/MapJoin-mapfile51--.hashtable (914 bytes)
2015-09-20 20:56:51	End of local task; Time Taken: 2.174 sec.
Execution completed successfully
MapredLocal task succeeded
SLF4J: Class path contains multiple SLF4J bindings.
SLF4J: Found binding in [jar:file:/home/ubuntu/software/tez-0.7.1-SNAPSHOT-minimal/lib/slf4j-log4j12-1.7.5.jar!/org/slf4j/impl/StaticLoggerBinder.class]
SLF4J: Found binding in [jar:file:/home/ubuntu/software/hadoop-2.6.0/share/hadoop/common/lib/slf4j-log4j12-1.7.5.jar!/org/slf4j/impl/StaticLoggerBinder.class]
SLF4J: See http://www.slf4j.org/codes.html#multiple_bindings for an explanation.
SLF4J: Actual binding is of type [org.slf4j.impl.Log4jLoggerFactory]
Execution log at: /tmp/ubuntu/ubuntu_20150920205630_29211fd0-b9b4-4f37-b754-60906b623da8.log
2015-09-20 20:56:57	Starting to launch local task to process map join;	maximum memory = 932184064
2015-09-20 20:56:59	Dump the side-table for tag: 1 with group count: 31 into file: file:/tmp/ubuntu/56030d2f-fc16-4759-8a23-daa604627827/hive_2015-09-20_20-56-30_224_1136683276534201017-1/-local-10020/HashTable-Stage-23/MapJoin-mapfile71--.hashtable
2015-09-20 20:56:59	Uploaded 1 File to: file:/tmp/ubuntu/56030d2f-fc16-4759-8a23-daa604627827/hive_2015-09-20_20-56-30_224_1136683276534201017-1/-local-10020/HashTable-Stage-23/MapJoin-mapfile71--.hashtable (914 bytes)
2015-09-20 20:56:59	End of local task; Time Taken: 2.074 sec.
Execution completed successfully
MapredLocal task succeeded
Launching Job 4 out of 11
Number of reduce tasks is set to 0 since there's no reduce operator
Starting Job = job_1442094837470_0111, Tracking URL = http://vm-1:8088/proxy/application_1442094837470_0111/
Kill Command = /home/ubuntu/software/hadoop-2.6.0/bin/hadoop job  -kill job_1442094837470_0111
Hadoop job information for Stage-17: number of mappers: 26; number of reducers: 0
2015-09-20 20:57:14,752 Stage-17 map = 0%,  reduce = 0%
2015-09-20 20:57:27,928 Stage-17 map = 1%,  reduce = 0%, Cumulative CPU 20.72 sec
2015-09-20 20:57:29,008 Stage-17 map = 2%,  reduce = 0%, Cumulative CPU 43.2 sec
2015-09-20 20:57:30,091 Stage-17 map = 4%,  reduce = 0%, Cumulative CPU 45.96 sec
2015-09-20 20:57:32,230 Stage-17 map = 8%,  reduce = 0%, Cumulative CPU 90.05 sec
2015-09-20 20:57:33,291 Stage-17 map = 13%,  reduce = 0%, Cumulative CPU 94.29 sec
2015-09-20 20:57:35,397 Stage-17 map = 15%,  reduce = 0%, Cumulative CPU 113.52 sec
2015-09-20 20:57:37,549 Stage-17 map = 32%,  reduce = 0%, Cumulative CPU 127.26 sec
2015-09-20 20:57:38,615 Stage-17 map = 34%,  reduce = 0%, Cumulative CPU 128.71 sec
2015-09-20 20:57:39,680 Stage-17 map = 39%,  reduce = 0%, Cumulative CPU 130.61 sec
2015-09-20 20:57:40,755 Stage-17 map = 43%,  reduce = 0%, Cumulative CPU 141.21 sec
2015-09-20 20:57:41,851 Stage-17 map = 48%,  reduce = 0%, Cumulative CPU 141.93 sec
2015-09-20 20:57:42,914 Stage-17 map = 53%,  reduce = 0%, Cumulative CPU 144.69 sec
2015-09-20 20:57:43,977 Stage-17 map = 62%,  reduce = 0%, Cumulative CPU 150.3 sec
2015-09-20 20:57:51,440 Stage-17 map = 66%,  reduce = 0%, Cumulative CPU 182.46 sec
2015-09-20 20:57:52,500 Stage-17 map = 68%,  reduce = 0%, Cumulative CPU 190.32 sec
2015-09-20 20:57:53,563 Stage-17 map = 81%,  reduce = 0%, Cumulative CPU 221.74 sec
2015-09-20 20:57:54,619 Stage-17 map = 83%,  reduce = 0%, Cumulative CPU 222.26 sec
2015-09-20 20:57:55,675 Stage-17 map = 89%,  reduce = 0%, Cumulative CPU 228.48 sec
2015-09-20 20:57:56,739 Stage-17 map = 100%,  reduce = 0%, Cumulative CPU 235.6 sec
MapReduce Total cumulative CPU time: 3 minutes 55 seconds 600 msec
Ended Job = job_1442094837470_0111
Launching Job 5 out of 11
Number of reduce tasks is set to 0 since there's no reduce operator
Starting Job = job_1442094837470_0112, Tracking URL = http://vm-1:8088/proxy/application_1442094837470_0112/
Kill Command = /home/ubuntu/software/hadoop-2.6.0/bin/hadoop job  -kill job_1442094837470_0112
Hadoop job information for Stage-20: number of mappers: 51; number of reducers: 0
2015-09-20 20:58:05,663 Stage-20 map = 0%,  reduce = 0%
2015-09-20 20:58:18,487 Stage-20 map = 2%,  reduce = 0%, Cumulative CPU 31.62 sec
2015-09-20 20:58:19,557 Stage-20 map = 4%,  reduce = 0%, Cumulative CPU 65.37 sec
2015-09-20 20:58:21,683 Stage-20 map = 5%,  reduce = 0%, Cumulative CPU 74.44 sec
2015-09-20 20:58:24,874 Stage-20 map = 15%,  reduce = 0%, Cumulative CPU 94.41 sec
2015-09-20 20:58:25,937 Stage-20 map = 18%,  reduce = 0%, Cumulative CPU 97.36 sec
2015-09-20 20:58:28,051 Stage-20 map = 19%,  reduce = 0%, Cumulative CPU 113.1 sec
2015-09-20 20:58:30,311 Stage-20 map = 22%,  reduce = 0%, Cumulative CPU 118.08 sec
2015-09-20 20:58:31,368 Stage-20 map = 31%,  reduce = 0%, Cumulative CPU 131.82 sec
2015-09-20 20:58:37,804 Stage-20 map = 33%,  reduce = 0%, Cumulative CPU 145.3 sec
2015-09-20 20:58:39,923 Stage-20 map = 34%,  reduce = 0%, Cumulative CPU 146.9 sec
2015-09-20 20:58:42,030 Stage-20 map = 35%,  reduce = 0%, Cumulative CPU 178.39 sec
2015-09-20 20:58:43,091 Stage-20 map = 37%,  reduce = 0%, Cumulative CPU 202.09 sec
2015-09-20 20:58:44,146 Stage-20 map = 38%,  reduce = 0%, Cumulative CPU 208.06 sec
2015-09-20 20:58:45,214 Stage-20 map = 40%,  reduce = 0%, Cumulative CPU 220.1 sec
2015-09-20 20:58:48,409 Stage-20 map = 46%,  reduce = 0%, Cumulative CPU 238.95 sec
2015-09-20 20:58:49,481 Stage-20 map = 50%,  reduce = 0%, Cumulative CPU 243.88 sec
2015-09-20 20:58:50,548 Stage-20 map = 52%,  reduce = 0%, Cumulative CPU 248.8 sec
2015-09-20 20:58:51,630 Stage-20 map = 53%,  reduce = 0%, Cumulative CPU 261.94 sec
2015-09-20 20:58:52,691 Stage-20 map = 55%,  reduce = 0%, Cumulative CPU 265.52 sec
2015-09-20 20:58:53,758 Stage-20 map = 59%,  reduce = 0%, Cumulative CPU 271.34 sec
2015-09-20 20:58:54,821 Stage-20 map = 62%,  reduce = 0%, Cumulative CPU 278.82 sec
2015-09-20 20:58:56,548 Stage-20 map = 65%,  reduce = 0%, Cumulative CPU 283.34 sec
2015-09-20 20:58:59,791 Stage-20 map = 66%,  reduce = 0%, Cumulative CPU 289.56 sec
2015-09-20 20:59:00,886 Stage-20 map = 68%,  reduce = 0%, Cumulative CPU 299.71 sec
2015-09-20 20:59:03,025 Stage-20 map = 69%,  reduce = 0%, Cumulative CPU 306.75 sec
2015-09-20 20:59:05,515 Stage-20 map = 70%,  reduce = 0%, Cumulative CPU 313.93 sec
2015-09-20 20:59:06,574 Stage-20 map = 72%,  reduce = 0%, Cumulative CPU 325.75 sec
2015-09-20 20:59:07,640 Stage-20 map = 74%,  reduce = 0%, Cumulative CPU 351.62 sec
2015-09-20 20:59:08,709 Stage-20 map = 75%,  reduce = 0%, Cumulative CPU 363.67 sec
2015-09-20 20:59:09,770 Stage-20 map = 77%,  reduce = 0%, Cumulative CPU 370.84 sec
2015-09-20 20:59:10,831 Stage-20 map = 80%,  reduce = 0%, Cumulative CPU 376.48 sec
2015-09-20 20:59:11,891 Stage-20 map = 81%,  reduce = 0%, Cumulative CPU 382.72 sec
2015-09-20 20:59:12,958 Stage-20 map = 84%,  reduce = 0%, Cumulative CPU 389.42 sec
2015-09-20 20:59:14,013 Stage-20 map = 85%,  reduce = 0%, Cumulative CPU 394.62 sec
2015-09-20 20:59:15,104 Stage-20 map = 87%,  reduce = 0%, Cumulative CPU 399.03 sec
2015-09-20 20:59:16,177 Stage-20 map = 90%,  reduce = 0%, Cumulative CPU 405.7 sec
2015-09-20 20:59:17,237 Stage-20 map = 91%,  reduce = 0%, Cumulative CPU 406.32 sec
2015-09-20 20:59:18,310 Stage-20 map = 93%,  reduce = 0%, Cumulative CPU 410.28 sec
2015-09-20 20:59:19,393 Stage-20 map = 95%,  reduce = 0%, Cumulative CPU 414.04 sec
2015-09-20 20:59:20,454 Stage-20 map = 96%,  reduce = 0%, Cumulative CPU 416.88 sec
2015-09-20 20:59:21,514 Stage-20 map = 98%,  reduce = 0%, Cumulative CPU 423.68 sec
2015-09-20 20:59:22,575 Stage-20 map = 100%,  reduce = 0%, Cumulative CPU 425.58 sec
MapReduce Total cumulative CPU time: 7 minutes 5 seconds 580 msec
Ended Job = job_1442094837470_0112
Launching Job 6 out of 11
Number of reduce tasks is set to 0 since there's no reduce operator
Starting Job = job_1442094837470_0113, Tracking URL = http://vm-1:8088/proxy/application_1442094837470_0113/
Kill Command = /home/ubuntu/software/hadoop-2.6.0/bin/hadoop job  -kill job_1442094837470_0113
Hadoop job information for Stage-23: number of mappers: 75; number of reducers: 0
2015-09-20 20:59:32,230 Stage-23 map = 0%,  reduce = 0%
2015-09-20 20:59:48,188 Stage-23 map = 7%,  reduce = 0%, Cumulative CPU 116.5 sec
2015-09-20 20:59:51,353 Stage-23 map = 11%,  reduce = 0%, Cumulative CPU 136.31 sec
2015-09-20 20:59:53,475 Stage-23 map = 12%,  reduce = 0%, Cumulative CPU 137.99 sec
2015-09-20 20:59:54,538 Stage-23 map = 14%,  reduce = 0%, Cumulative CPU 154.06 sec
2015-09-20 20:59:55,597 Stage-23 map = 19%,  reduce = 0%, Cumulative CPU 155.63 sec
2015-09-20 20:59:56,665 Stage-23 map = 20%,  reduce = 0%, Cumulative CPU 156.65 sec
2015-09-20 20:59:57,788 Stage-23 map = 21%,  reduce = 0%, Cumulative CPU 159.22 sec
2015-09-20 21:00:06,345 Stage-23 map = 22%,  reduce = 0%, Cumulative CPU 208.39 sec
2015-09-20 21:00:08,467 Stage-23 map = 23%,  reduce = 0%, Cumulative CPU 251.39 sec
2015-09-20 21:00:09,523 Stage-23 map = 26%,  reduce = 0%, Cumulative CPU 266.56 sec
2015-09-20 21:00:10,579 Stage-23 map = 27%,  reduce = 0%, Cumulative CPU 269.96 sec
2015-09-20 21:00:11,650 Stage-23 map = 29%,  reduce = 0%, Cumulative CPU 276.34 sec
2015-09-20 21:00:12,711 Stage-23 map = 30%,  reduce = 0%, Cumulative CPU 287.32 sec
2015-09-20 21:00:13,776 Stage-23 map = 31%,  reduce = 0%, Cumulative CPU 291.07 sec
2015-09-20 21:00:14,838 Stage-23 map = 34%,  reduce = 0%, Cumulative CPU 299.22 sec
2015-09-20 21:00:15,907 Stage-23 map = 37%,  reduce = 0%, Cumulative CPU 304.29 sec
2015-09-20 21:00:16,984 Stage-23 map = 39%,  reduce = 0%, Cumulative CPU 308.32 sec
2015-09-20 21:00:18,096 Stage-23 map = 41%,  reduce = 0%, Cumulative CPU 312.53 sec
2015-09-20 21:00:19,157 Stage-23 map = 42%,  reduce = 0%, Cumulative CPU 313.07 sec
2015-09-20 21:00:20,219 Stage-23 map = 43%,  reduce = 0%, Cumulative CPU 314.38 sec
2015-09-20 21:00:29,782 Stage-23 map = 45%,  reduce = 0%, Cumulative CPU 405.59 sec
2015-09-20 21:00:30,833 Stage-23 map = 46%,  reduce = 0%, Cumulative CPU 410.93 sec
2015-09-20 21:00:31,884 Stage-23 map = 48%,  reduce = 0%, Cumulative CPU 421.29 sec
2015-09-20 21:00:32,933 Stage-23 map = 50%,  reduce = 0%, Cumulative CPU 435.08 sec
2015-09-20 21:00:34,014 Stage-23 map = 53%,  reduce = 0%, Cumulative CPU 441.04 sec
2015-09-20 21:00:35,079 Stage-23 map = 56%,  reduce = 0%, Cumulative CPU 449.12 sec
2015-09-20 21:00:36,130 Stage-23 map = 57%,  reduce = 0%, Cumulative CPU 452.51 sec
2015-09-20 21:00:37,196 Stage-23 map = 58%,  reduce = 0%, Cumulative CPU 456.72 sec
2015-09-20 21:00:38,252 Stage-23 map = 61%,  reduce = 0%, Cumulative CPU 462.7 sec
2015-09-20 21:00:41,384 Stage-23 map = 62%,  reduce = 0%, Cumulative CPU 466.41 sec
2015-09-20 21:00:42,431 Stage-23 map = 64%,  reduce = 0%, Cumulative CPU 468.78 sec
2015-09-20 21:00:47,730 Stage-23 map = 65%,  reduce = 0%, Cumulative CPU 508.57 sec
2015-09-20 21:00:49,852 Stage-23 map = 66%,  reduce = 0%, Cumulative CPU 535.05 sec
2015-09-20 21:00:50,924 Stage-23 map = 68%,  reduce = 0%, Cumulative CPU 552.43 sec
2015-09-20 21:00:51,978 Stage-23 map = 71%,  reduce = 0%, Cumulative CPU 562.81 sec
2015-09-20 21:00:54,075 Stage-23 map = 73%,  reduce = 0%, Cumulative CPU 579.27 sec
2015-09-20 21:00:55,139 Stage-23 map = 75%,  reduce = 0%, Cumulative CPU 597.57 sec
2015-09-20 21:00:56,214 Stage-23 map = 76%,  reduce = 0%, Cumulative CPU 599.71 sec
2015-09-20 21:00:57,274 Stage-23 map = 77%,  reduce = 0%, Cumulative CPU 603.86 sec
2015-09-20 21:00:58,326 Stage-23 map = 81%,  reduce = 0%, Cumulative CPU 610.05 sec
2015-09-20 21:01:01,481 Stage-23 map = 82%,  reduce = 0%, Cumulative CPU 620.56 sec
2015-09-20 21:01:03,601 Stage-23 map = 83%,  reduce = 0%, Cumulative CPU 630.18 sec
2015-09-20 21:01:04,665 Stage-23 map = 85%,  reduce = 0%, Cumulative CPU 633.76 sec
2015-09-20 21:01:06,765 Stage-23 map = 86%,  reduce = 0%, Cumulative CPU 664.5 sec
2015-09-20 21:01:07,819 Stage-23 map = 88%,  reduce = 0%, Cumulative CPU 667.55 sec
2015-09-20 21:01:08,879 Stage-23 map = 90%,  reduce = 0%, Cumulative CPU 694.86 sec
2015-09-20 21:01:09,937 Stage-23 map = 91%,  reduce = 0%, Cumulative CPU 702.69 sec
2015-09-20 21:01:12,039 Stage-23 map = 93%,  reduce = 0%, Cumulative CPU 710.38 sec
2015-09-20 21:01:13,090 Stage-23 map = 94%,  reduce = 0%, Cumulative CPU 714.81 sec
2015-09-20 21:01:14,142 Stage-23 map = 95%,  reduce = 0%, Cumulative CPU 715.41 sec
2015-09-20 21:01:15,205 Stage-23 map = 97%,  reduce = 0%, Cumulative CPU 723.29 sec
2015-09-20 21:01:17,325 Stage-23 map = 98%,  reduce = 0%, Cumulative CPU 725.61 sec
2015-09-20 21:01:18,394 Stage-23 map = 99%,  reduce = 0%, Cumulative CPU 729.52 sec
2015-09-20 21:01:19,455 Stage-23 map = 100%,  reduce = 0%, Cumulative CPU 731.67 sec
MapReduce Total cumulative CPU time: 12 minutes 11 seconds 670 msec
Ended Job = job_1442094837470_0113
Stage-27 is filtered out by condition resolver.
Stage-28 is selected by condition resolver.
Stage-2 is filtered out by condition resolver.
SLF4J: Class path contains multiple SLF4J bindings.
SLF4J: Found binding in [jar:file:/home/ubuntu/software/tez-0.7.1-SNAPSHOT-minimal/lib/slf4j-log4j12-1.7.5.jar!/org/slf4j/impl/StaticLoggerBinder.class]
SLF4J: Found binding in [jar:file:/home/ubuntu/software/hadoop-2.6.0/share/hadoop/common/lib/slf4j-log4j12-1.7.5.jar!/org/slf4j/impl/StaticLoggerBinder.class]
SLF4J: See http://www.slf4j.org/codes.html#multiple_bindings for an explanation.
SLF4J: Actual binding is of type [org.slf4j.impl.Log4jLoggerFactory]
Execution log at: /tmp/ubuntu/ubuntu_20150920205630_29211fd0-b9b4-4f37-b754-60906b623da8.log
2015-09-20 21:01:26	Starting to launch local task to process map join;	maximum memory = 932184064
2015-09-20 21:01:28	Dump the side-table for tag: 0 with group count: 1133 into file: file:/tmp/ubuntu/56030d2f-fc16-4759-8a23-daa604627827/hive_2015-09-20_20-56-30_224_1136683276534201017-1/-local-10014/HashTable-Stage-15/MapJoin-mapfile20--.hashtable
2015-09-20 21:01:28	Uploaded 1 File to: file:/tmp/ubuntu/56030d2f-fc16-4759-8a23-daa604627827/hive_2015-09-20_20-56-30_224_1136683276534201017-1/-local-10014/HashTable-Stage-15/MapJoin-mapfile20--.hashtable (48343 bytes)
2015-09-20 21:01:28	End of local task; Time Taken: 2.234 sec.
Execution completed successfully
MapredLocal task succeeded
Launching Job 8 out of 11
Number of reduce tasks is set to 0 since there's no reduce operator
Starting Job = job_1442094837470_0114, Tracking URL = http://vm-1:8088/proxy/application_1442094837470_0114/
Kill Command = /home/ubuntu/software/hadoop-2.6.0/bin/hadoop job  -kill job_1442094837470_0114
Hadoop job information for Stage-15: number of mappers: 12; number of reducers: 0
2015-09-20 21:01:38,250 Stage-15 map = 0%,  reduce = 0%
2015-09-20 21:01:46,768 Stage-15 map = 17%,  reduce = 0%, Cumulative CPU 3.41 sec
2015-09-20 21:01:47,855 Stage-15 map = 25%,  reduce = 0%, Cumulative CPU 5.32 sec
2015-09-20 21:01:48,910 Stage-15 map = 58%,  reduce = 0%, Cumulative CPU 24.41 sec
2015-09-20 21:01:49,961 Stage-15 map = 75%,  reduce = 0%, Cumulative CPU 37.3 sec
2015-09-20 21:01:51,016 Stage-15 map = 90%,  reduce = 0%, Cumulative CPU 58.62 sec
2015-09-20 21:01:52,074 Stage-15 map = 92%,  reduce = 0%, Cumulative CPU 59.21 sec
2015-09-20 21:01:54,196 Stage-15 map = 100%,  reduce = 0%, Cumulative CPU 62.55 sec
MapReduce Total cumulative CPU time: 1 minutes 2 seconds 550 msec
Ended Job = job_1442094837470_0114
SLF4J: Class path contains multiple SLF4J bindings.
SLF4J: Found binding in [jar:file:/home/ubuntu/software/tez-0.7.1-SNAPSHOT-minimal/lib/slf4j-log4j12-1.7.5.jar!/org/slf4j/impl/StaticLoggerBinder.class]
SLF4J: Found binding in [jar:file:/home/ubuntu/software/hadoop-2.6.0/share/hadoop/common/lib/slf4j-log4j12-1.7.5.jar!/org/slf4j/impl/StaticLoggerBinder.class]
SLF4J: See http://www.slf4j.org/codes.html#multiple_bindings for an explanation.
SLF4J: Actual binding is of type [org.slf4j.impl.Log4jLoggerFactory]
Execution log at: /tmp/ubuntu/ubuntu_20150920205630_29211fd0-b9b4-4f37-b754-60906b623da8.log
2015-09-20 21:02:01	Starting to launch local task to process map join;	maximum memory = 932184064
2015-09-20 21:02:03	Dump the side-table for tag: 1 with group count: 25200 into file: file:/tmp/ubuntu/56030d2f-fc16-4759-8a23-daa604627827/hive_2015-09-20_20-56-30_224_1136683276534201017-1/-local-10010/HashTable-Stage-4/MapJoin-mapfile01--.hashtable
2015-09-20 21:02:03	Uploaded 1 File to: file:/tmp/ubuntu/56030d2f-fc16-4759-8a23-daa604627827/hive_2015-09-20_20-56-30_224_1136683276534201017-1/-local-10010/HashTable-Stage-4/MapJoin-mapfile01--.hashtable (589187 bytes)
2015-09-20 21:02:03	End of local task; Time Taken: 2.488 sec.
Execution completed successfully
MapredLocal task succeeded
Launching Job 9 out of 11
Number of reduce tasks not specified. Estimated from input data size: 1
In order to change the average load for a reducer (in bytes):
  set hive.exec.reducers.bytes.per.reducer=<number>
In order to limit the maximum number of reducers:
  set hive.exec.reducers.max=<number>
In order to set a constant number of reducers:
  set mapreduce.job.reduces=<number>
Starting Job = job_1442094837470_0115, Tracking URL = http://vm-1:8088/proxy/application_1442094837470_0115/
Kill Command = /home/ubuntu/software/hadoop-2.6.0/bin/hadoop job  -kill job_1442094837470_0115
Hadoop job information for Stage-4: number of mappers: 3; number of reducers: 1
2015-09-20 21:02:13,401 Stage-4 map = 0%,  reduce = 0%
2015-09-20 21:02:24,924 Stage-4 map = 100%,  reduce = 0%, Cumulative CPU 20.65 sec
2015-09-20 21:02:33,294 Stage-4 map = 100%,  reduce = 100%, Cumulative CPU 25.19 sec
MapReduce Total cumulative CPU time: 25 seconds 190 msec
Ended Job = job_1442094837470_0115
Launching Job 10 out of 11
Number of reduce tasks determined at compile time: 1
In order to change the average load for a reducer (in bytes):
  set hive.exec.reducers.bytes.per.reducer=<number>
In order to limit the maximum number of reducers:
  set hive.exec.reducers.max=<number>
In order to set a constant number of reducers:
  set mapreduce.job.reduces=<number>
Starting Job = job_1442094837470_0116, Tracking URL = http://vm-1:8088/proxy/application_1442094837470_0116/
Kill Command = /home/ubuntu/software/hadoop-2.6.0/bin/hadoop job  -kill job_1442094837470_0116
Hadoop job information for Stage-5: number of mappers: 1; number of reducers: 1
2015-09-20 21:02:42,094 Stage-5 map = 0%,  reduce = 0%
2015-09-20 21:02:51,540 Stage-5 map = 100%,  reduce = 0%, Cumulative CPU 4.94 sec
2015-09-20 21:02:59,973 Stage-5 map = 100%,  reduce = 100%, Cumulative CPU 9.03 sec
MapReduce Total cumulative CPU time: 9 seconds 30 msec
Ended Job = job_1442094837470_0116
MapReduce Jobs Launched: 
Stage-Stage-17: Map: 26   Cumulative CPU: 235.6 sec   HDFS Read: 7607695900 HDFS Write: 33559230 SUCCESS
Stage-Stage-20: Map: 51   Cumulative CPU: 425.58 sec   HDFS Read: 15206655332 HDFS Write: 66584461 SUCCESS
Stage-Stage-23: Map: 75   Cumulative CPU: 731.67 sec   HDFS Read: 20137315254 HDFS Write: 124611093 SUCCESS
Stage-Stage-15: Map: 12   Cumulative CPU: 62.55 sec   HDFS Read: 224890132 HDFS Write: 6872304 SUCCESS
Stage-Stage-4: Map: 3  Reduce: 1   Cumulative CPU: 25.19 sec   HDFS Read: 6905968 HDFS Write: 1797898 SUCCESS
Stage-Stage-5: Map: 1  Reduce: 1   Cumulative CPU: 9.03 sec   HDFS Read: 1803112 HDFS Write: 1756938 SUCCESS
Total MapReduce CPU Time Spent: 24 minutes 49 seconds 620 msec
OK
Time taken: 390.931 seconds, Fetched: 36951 row(s)
97.94user 10.88system 6:45.18elapsed 26%CPU (0avgtext+0avgdata 868580maxresident)k
112864inputs+783208outputs (110major+360747minor)pagefaults 0swaps
