
Logging initialized using configuration in jar:file:/home/ubuntu/software/hive-1.2.1/lib/hive-common-1.2.1.jar!/hive-log4j.properties
Hive history file=/tmp/ubuntu/hive_job_log_89fcf627-1954-479e-a5e5-4e2cd0324546_1391683187.txt
SLF4J: Class path contains multiple SLF4J bindings.
SLF4J: Found binding in [jar:file:/home/ubuntu/software/tez-0.7.1-SNAPSHOT-minimal/lib/slf4j-log4j12-1.7.5.jar!/org/slf4j/impl/StaticLoggerBinder.class]
SLF4J: Found binding in [jar:file:/home/ubuntu/software/hadoop-2.6.0/share/hadoop/common/lib/slf4j-log4j12-1.7.5.jar!/org/slf4j/impl/StaticLoggerBinder.class]
SLF4J: See http://www.slf4j.org/codes.html#multiple_bindings for an explanation.
SLF4J: Actual binding is of type [org.slf4j.impl.Log4jLoggerFactory]
OK
Time taken: 3.516 seconds
Query ID = ubuntu_20150920200127_33e10f8c-45b5-4988-a7b3-669c03b893a4
Total jobs = 9
SLF4J: Class path contains multiple SLF4J bindings.
SLF4J: Found binding in [jar:file:/home/ubuntu/software/tez-0.7.1-SNAPSHOT-minimal/lib/slf4j-log4j12-1.7.5.jar!/org/slf4j/impl/StaticLoggerBinder.class]
SLF4J: Found binding in [jar:file:/home/ubuntu/software/hadoop-2.6.0/share/hadoop/common/lib/slf4j-log4j12-1.7.5.jar!/org/slf4j/impl/StaticLoggerBinder.class]
SLF4J: See http://www.slf4j.org/codes.html#multiple_bindings for an explanation.
SLF4J: Actual binding is of type [org.slf4j.impl.Log4jLoggerFactory]
Execution log at: /tmp/ubuntu/ubuntu_20150920200127_33e10f8c-45b5-4988-a7b3-669c03b893a4.log
2015-09-20 20:01:38	Starting to launch local task to process map join;	maximum memory = 932184064
2015-09-20 20:01:40	Dump the side-table for tag: 1 with group count: 7 into file: file:/tmp/ubuntu/89fcf627-1954-479e-a5e5-4e2cd0324546/hive_2015-09-20_20-01-27_561_2757113712715640738-1/-local-10016/HashTable-Stage-15/MapJoin-mapfile41--.hashtable
2015-09-20 20:01:40	Uploaded 1 File to: file:/tmp/ubuntu/89fcf627-1954-479e-a5e5-4e2cd0324546/hive_2015-09-20_20-01-27_561_2757113712715640738-1/-local-10016/HashTable-Stage-15/MapJoin-mapfile41--.hashtable (504 bytes)
2015-09-20 20:01:40	End of local task; Time Taken: 2.0 sec.
Execution completed successfully
MapredLocal task succeeded
Launching Job 1 out of 9
Number of reduce tasks is set to 0 since there's no reduce operator
Starting Job = job_1442094837470_0098, Tracking URL = http://vm-1:8088/proxy/application_1442094837470_0098/
Kill Command = /home/ubuntu/software/hadoop-2.6.0/bin/hadoop job  -kill job_1442094837470_0098
Hadoop job information for Stage-15: number of mappers: 5; number of reducers: 0
2015-09-20 20:01:57,548 Stage-15 map = 0%,  reduce = 0%
2015-09-20 20:02:15,691 Stage-15 map = 2%,  reduce = 0%, Cumulative CPU 37.06 sec
2015-09-20 20:02:19,916 Stage-15 map = 11%,  reduce = 0%, Cumulative CPU 65.79 sec
2015-09-20 20:02:22,032 Stage-15 map = 12%,  reduce = 0%, Cumulative CPU 69.09 sec
2015-09-20 20:02:26,314 Stage-15 map = 21%,  reduce = 0%, Cumulative CPU 97.71 sec
2015-09-20 20:02:28,513 Stage-15 map = 23%,  reduce = 0%, Cumulative CPU 100.92 sec
2015-09-20 20:02:31,744 Stage-15 map = 32%,  reduce = 0%, Cumulative CPU 129.65 sec
2015-09-20 20:02:33,902 Stage-15 map = 34%,  reduce = 0%, Cumulative CPU 132.8 sec
2015-09-20 20:02:38,227 Stage-15 map = 42%,  reduce = 0%, Cumulative CPU 161.27 sec
2015-09-20 20:02:40,367 Stage-15 map = 44%,  reduce = 0%, Cumulative CPU 164.39 sec
2015-09-20 20:02:44,619 Stage-15 map = 48%,  reduce = 0%, Cumulative CPU 192.14 sec
2015-09-20 20:02:46,790 Stage-15 map = 53%,  reduce = 0%, Cumulative CPU 198.35 sec
2015-09-20 20:02:47,861 Stage-15 map = 55%,  reduce = 0%, Cumulative CPU 206.87 sec
2015-09-20 20:02:50,005 Stage-15 map = 57%,  reduce = 0%, Cumulative CPU 218.77 sec
2015-09-20 20:02:51,092 Stage-15 map = 62%,  reduce = 0%, Cumulative CPU 222.35 sec
2015-09-20 20:02:52,169 Stage-15 map = 64%,  reduce = 0%, Cumulative CPU 225.47 sec
2015-09-20 20:02:53,241 Stage-15 map = 65%,  reduce = 0%, Cumulative CPU 234.89 sec
2015-09-20 20:02:56,480 Stage-15 map = 69%,  reduce = 0%, Cumulative CPU 247.48 sec
2015-09-20 20:02:58,620 Stage-15 map = 71%,  reduce = 0%, Cumulative CPU 250.65 sec
2015-09-20 20:02:59,695 Stage-15 map = 73%,  reduce = 0%, Cumulative CPU 260.08 sec
2015-09-20 20:03:02,884 Stage-15 map = 76%,  reduce = 0%, Cumulative CPU 272.74 sec
2015-09-20 20:03:03,977 Stage-15 map = 78%,  reduce = 0%, Cumulative CPU 275.86 sec
2015-09-20 20:03:05,058 Stage-15 map = 80%,  reduce = 0%, Cumulative CPU 281.81 sec
2015-09-20 20:03:08,229 Stage-15 map = 82%,  reduce = 0%, Cumulative CPU 297.45 sec
2015-09-20 20:03:10,345 Stage-15 map = 84%,  reduce = 0%, Cumulative CPU 300.54 sec
2015-09-20 20:03:11,407 Stage-15 map = 87%,  reduce = 0%, Cumulative CPU 309.92 sec
2015-09-20 20:03:13,549 Stage-15 map = 89%,  reduce = 0%, Cumulative CPU 312.93 sec
2015-09-20 20:03:14,610 Stage-15 map = 91%,  reduce = 0%, Cumulative CPU 322.31 sec
2015-09-20 20:03:17,805 Stage-15 map = 95%,  reduce = 0%, Cumulative CPU 331.05 sec
2015-09-20 20:03:18,868 Stage-15 map = 96%,  reduce = 0%, Cumulative CPU 331.95 sec
2015-09-20 20:03:22,076 Stage-15 map = 98%,  reduce = 0%, Cumulative CPU 339.19 sec
2015-09-20 20:03:23,160 Stage-15 map = 100%,  reduce = 0%, Cumulative CPU 342.21 sec
MapReduce Total cumulative CPU time: 5 minutes 42 seconds 210 msec
Ended Job = job_1442094837470_0098
Stage-18 is selected by condition resolver.
Stage-19 is filtered out by condition resolver.
Stage-2 is filtered out by condition resolver.
SLF4J: Class path contains multiple SLF4J bindings.
SLF4J: Found binding in [jar:file:/home/ubuntu/software/tez-0.7.1-SNAPSHOT-minimal/lib/slf4j-log4j12-1.7.5.jar!/org/slf4j/impl/StaticLoggerBinder.class]
SLF4J: Found binding in [jar:file:/home/ubuntu/software/hadoop-2.6.0/share/hadoop/common/lib/slf4j-log4j12-1.7.5.jar!/org/slf4j/impl/StaticLoggerBinder.class]
SLF4J: See http://www.slf4j.org/codes.html#multiple_bindings for an explanation.
SLF4J: Actual binding is of type [org.slf4j.impl.Log4jLoggerFactory]
Execution log at: /tmp/ubuntu/ubuntu_20150920200127_33e10f8c-45b5-4988-a7b3-669c03b893a4.log
2015-09-20 20:03:30	Starting to launch local task to process map join;	maximum memory = 932184064
2015-09-20 20:03:33	Dump the side-table for tag: 1 with group count: 3863 into file: file:/tmp/ubuntu/89fcf627-1954-479e-a5e5-4e2cd0324546/hive_2015-09-20_20-01-27_561_2757113712715640738-1/-local-10012/HashTable-Stage-12/MapJoin-mapfile21--.hashtable
2015-09-20 20:03:33	Uploaded 1 File to: file:/tmp/ubuntu/89fcf627-1954-479e-a5e5-4e2cd0324546/hive_2015-09-20_20-01-27_561_2757113712715640738-1/-local-10012/HashTable-Stage-12/MapJoin-mapfile21--.hashtable (163270 bytes)
2015-09-20 20:03:33	End of local task; Time Taken: 2.667 sec.
Execution completed successfully
MapredLocal task succeeded
Launching Job 3 out of 9
Number of reduce tasks is set to 0 since there's no reduce operator
Starting Job = job_1442094837470_0099, Tracking URL = http://vm-1:8088/proxy/application_1442094837470_0099/
Kill Command = /home/ubuntu/software/hadoop-2.6.0/bin/hadoop job  -kill job_1442094837470_0099
Hadoop job information for Stage-12: number of mappers: 10; number of reducers: 0
2015-09-20 20:03:42,740 Stage-12 map = 0%,  reduce = 0%
2015-09-20 20:03:55,499 Stage-12 map = 4%,  reduce = 0%, Cumulative CPU 43.36 sec
2015-09-20 20:03:56,562 Stage-12 map = 12%,  reduce = 0%, Cumulative CPU 71.8 sec
2015-09-20 20:04:01,847 Stage-12 map = 27%,  reduce = 0%, Cumulative CPU 115.79 sec
2015-09-20 20:04:03,994 Stage-12 map = 37%,  reduce = 0%, Cumulative CPU 134.63 sec
2015-09-20 20:04:06,186 Stage-12 map = 47%,  reduce = 0%, Cumulative CPU 162.5 sec
2015-09-20 20:04:08,304 Stage-12 map = 71%,  reduce = 0%, Cumulative CPU 178.59 sec
2015-09-20 20:04:10,434 Stage-12 map = 81%,  reduce = 0%, Cumulative CPU 193.2 sec
2015-09-20 20:04:12,561 Stage-12 map = 86%,  reduce = 0%, Cumulative CPU 206.55 sec
2015-09-20 20:04:13,624 Stage-12 map = 91%,  reduce = 0%, Cumulative CPU 208.46 sec
2015-09-20 20:04:14,695 Stage-12 map = 95%,  reduce = 0%, Cumulative CPU 214.31 sec
2015-09-20 20:04:15,757 Stage-12 map = 100%,  reduce = 0%, Cumulative CPU 214.59 sec
MapReduce Total cumulative CPU time: 3 minutes 34 seconds 590 msec
Ended Job = job_1442094837470_0099
Stage-16 is selected by condition resolver.
Stage-17 is filtered out by condition resolver.
Stage-3 is filtered out by condition resolver.
SLF4J: Class path contains multiple SLF4J bindings.
SLF4J: Found binding in [jar:file:/home/ubuntu/software/tez-0.7.1-SNAPSHOT-minimal/lib/slf4j-log4j12-1.7.5.jar!/org/slf4j/impl/StaticLoggerBinder.class]
SLF4J: Found binding in [jar:file:/home/ubuntu/software/hadoop-2.6.0/share/hadoop/common/lib/slf4j-log4j12-1.7.5.jar!/org/slf4j/impl/StaticLoggerBinder.class]
SLF4J: See http://www.slf4j.org/codes.html#multiple_bindings for an explanation.
SLF4J: Actual binding is of type [org.slf4j.impl.Log4jLoggerFactory]
Execution log at: /tmp/ubuntu/ubuntu_20150920200127_33e10f8c-45b5-4988-a7b3-669c03b893a4.log
2015-09-20 20:04:21	Starting to launch local task to process map join;	maximum memory = 932184064
2015-09-20 20:04:23	Dump the side-table for tag: 1 with group count: 60 into file: file:/tmp/ubuntu/89fcf627-1954-479e-a5e5-4e2cd0324546/hive_2015-09-20_20-01-27_561_2757113712715640738-1/-local-10008/HashTable-Stage-9/MapJoin-mapfile01--.hashtable
2015-09-20 20:04:24	Uploaded 1 File to: file:/tmp/ubuntu/89fcf627-1954-479e-a5e5-4e2cd0324546/hive_2015-09-20_20-01-27_561_2757113712715640738-1/-local-10008/HashTable-Stage-9/MapJoin-mapfile01--.hashtable (2248 bytes)
2015-09-20 20:04:24	End of local task; Time Taken: 2.183 sec.
Execution completed successfully
MapredLocal task succeeded
Launching Job 5 out of 9
Number of reduce tasks is set to 0 since there's no reduce operator
Starting Job = job_1442094837470_0100, Tracking URL = http://vm-1:8088/proxy/application_1442094837470_0100/
Kill Command = /home/ubuntu/software/hadoop-2.6.0/bin/hadoop job  -kill job_1442094837470_0100
Hadoop job information for Stage-9: number of mappers: 3; number of reducers: 0
2015-09-20 20:04:32,719 Stage-9 map = 0%,  reduce = 0%
2015-09-20 20:04:45,324 Stage-9 map = 44%,  reduce = 0%, Cumulative CPU 24.22 sec
2015-09-20 20:04:46,377 Stage-9 map = 61%,  reduce = 0%, Cumulative CPU 26.11 sec
2015-09-20 20:04:47,427 Stage-9 map = 100%,  reduce = 0%, Cumulative CPU 32.34 sec
MapReduce Total cumulative CPU time: 32 seconds 340 msec
Ended Job = job_1442094837470_0100
Launching Job 6 out of 9
Number of reduce tasks not specified. Estimated from input data size: 1
In order to change the average load for a reducer (in bytes):
  set hive.exec.reducers.bytes.per.reducer=<number>
In order to limit the maximum number of reducers:
  set hive.exec.reducers.max=<number>
In order to set a constant number of reducers:
  set mapreduce.job.reduces=<number>
Starting Job = job_1442094837470_0101, Tracking URL = http://vm-1:8088/proxy/application_1442094837470_0101/
Kill Command = /home/ubuntu/software/hadoop-2.6.0/bin/hadoop job  -kill job_1442094837470_0101
Hadoop job information for Stage-4: number of mappers: 1; number of reducers: 1
2015-09-20 20:04:57,105 Stage-4 map = 0%,  reduce = 0%
2015-09-20 20:05:05,514 Stage-4 map = 100%,  reduce = 0%, Cumulative CPU 4.92 sec
2015-09-20 20:05:14,973 Stage-4 map = 100%,  reduce = 100%, Cumulative CPU 10.08 sec
MapReduce Total cumulative CPU time: 10 seconds 80 msec
Ended Job = job_1442094837470_0101
Launching Job 7 out of 9
Number of reduce tasks determined at compile time: 1
In order to change the average load for a reducer (in bytes):
  set hive.exec.reducers.bytes.per.reducer=<number>
In order to limit the maximum number of reducers:
  set hive.exec.reducers.max=<number>
In order to set a constant number of reducers:
  set mapreduce.job.reduces=<number>
Starting Job = job_1442094837470_0102, Tracking URL = http://vm-1:8088/proxy/application_1442094837470_0102/
Kill Command = /home/ubuntu/software/hadoop-2.6.0/bin/hadoop job  -kill job_1442094837470_0102
Hadoop job information for Stage-5: number of mappers: 1; number of reducers: 1
2015-09-20 20:05:25,333 Stage-5 map = 0%,  reduce = 0%
2015-09-20 20:05:33,733 Stage-5 map = 100%,  reduce = 0%, Cumulative CPU 3.8 sec
2015-09-20 20:05:41,082 Stage-5 map = 100%,  reduce = 100%, Cumulative CPU 6.5 sec
MapReduce Total cumulative CPU time: 6 seconds 500 msec
Ended Job = job_1442094837470_0102
MapReduce Jobs Launched: 
Stage-Stage-15: Map: 5   Cumulative CPU: 342.21 sec   HDFS Read: 1164950271 HDFS Write: 2535951879 SUCCESS
Stage-Stage-12: Map: 10   Cumulative CPU: 214.59 sec   HDFS Read: 2536061762 HDFS Write: 246864644 SUCCESS
Stage-Stage-9: Map: 3   Cumulative CPU: 32.34 sec   HDFS Read: 246905453 HDFS Write: 1767639 SUCCESS
Stage-Stage-4: Map: 1  Reduce: 1   Cumulative CPU: 10.08 sec   HDFS Read: 1775818 HDFS Write: 432344 SUCCESS
Stage-Stage-5: Map: 1  Reduce: 1   Cumulative CPU: 6.5 sec   HDFS Read: 438343 HDFS Write: 2799 SUCCESS
Total MapReduce CPU Time Spent: 10 minutes 5 seconds 720 msec
OK
Time taken: 257.846 seconds, Fetched: 100 row(s)
68.90user 7.88system 4:33.00elapsed 28%CPU (0avgtext+0avgdata 638740maxresident)k
113144inputs+459584outputs (110major+272341minor)pagefaults 0swaps
