
Logging initialized using configuration in jar:file:/home/ubuntu/software/hive-1.2.1/lib/hive-common-1.2.1.jar!/hive-log4j.properties
Hive history file=/tmp/ubuntu/hive_job_log_c94da1da-4dc5-4c1c-b9aa-3c8e86324695_1619085027.txt
SLF4J: Class path contains multiple SLF4J bindings.
SLF4J: Found binding in [jar:file:/home/ubuntu/software/tez-0.7.1-SNAPSHOT-minimal/lib/slf4j-log4j12-1.7.5.jar!/org/slf4j/impl/StaticLoggerBinder.class]
SLF4J: Found binding in [jar:file:/home/ubuntu/software/hadoop-2.6.0/share/hadoop/common/lib/slf4j-log4j12-1.7.5.jar!/org/slf4j/impl/StaticLoggerBinder.class]
SLF4J: See http://www.slf4j.org/codes.html#multiple_bindings for an explanation.
SLF4J: Actual binding is of type [org.slf4j.impl.Log4jLoggerFactory]
OK
Time taken: 1.474 seconds
Query ID = ubuntu_20150920210856_fae48896-39fc-4d6a-83db-093292a2354f
Total jobs = 16
Stage-1 is selected by condition resolver.
Launching Job 1 out of 16
Number of reduce tasks not specified. Estimated from input data size: 32
In order to change the average load for a reducer (in bytes):
  set hive.exec.reducers.bytes.per.reducer=<number>
In order to limit the maximum number of reducers:
  set hive.exec.reducers.max=<number>
In order to set a constant number of reducers:
  set mapreduce.job.reduces=<number>
Starting Job = job_1442094837470_0117, Tracking URL = http://vm-1:8088/proxy/application_1442094837470_0117/
Kill Command = /home/ubuntu/software/hadoop-2.6.0/bin/hadoop job  -kill job_1442094837470_0117
Hadoop job information for Stage-1: number of mappers: 30; number of reducers: 32
2015-09-20 21:09:16,555 Stage-1 map = 0%,  reduce = 0%
2015-09-20 21:09:29,741 Stage-1 map = 1%,  reduce = 0%, Cumulative CPU 25.18 sec
2015-09-20 21:09:32,913 Stage-1 map = 2%,  reduce = 0%, Cumulative CPU 104.72 sec
2015-09-20 21:09:36,091 Stage-1 map = 3%,  reduce = 0%, Cumulative CPU 133.54 sec
2015-09-20 21:09:38,202 Stage-1 map = 12%,  reduce = 0%, Cumulative CPU 150.4 sec
2015-09-20 21:09:39,280 Stage-1 map = 17%,  reduce = 0%, Cumulative CPU 160.52 sec
2015-09-20 21:09:41,387 Stage-1 map = 18%,  reduce = 0%, Cumulative CPU 178.91 sec
2015-09-20 21:09:42,481 Stage-1 map = 20%,  reduce = 0%, Cumulative CPU 185.63 sec
2015-09-20 21:09:44,647 Stage-1 map = 29%,  reduce = 0%, Cumulative CPU 217.9 sec
2015-09-20 21:09:46,792 Stage-1 map = 30%,  reduce = 0%, Cumulative CPU 220.3 sec
2015-09-20 21:09:47,868 Stage-1 map = 46%,  reduce = 0%, Cumulative CPU 269.56 sec
2015-09-20 21:09:48,935 Stage-1 map = 48%,  reduce = 0%, Cumulative CPU 271.53 sec
2015-09-20 21:09:50,020 Stage-1 map = 53%,  reduce = 0%, Cumulative CPU 282.14 sec
2015-09-20 21:09:58,507 Stage-1 map = 54%,  reduce = 0%, Cumulative CPU 323.17 sec
2015-09-20 21:09:59,613 Stage-1 map = 56%,  reduce = 0%, Cumulative CPU 357.71 sec
2015-09-20 21:10:00,687 Stage-1 map = 58%,  reduce = 0%, Cumulative CPU 369.89 sec
2015-09-20 21:10:01,758 Stage-1 map = 63%,  reduce = 0%, Cumulative CPU 386.86 sec
2015-09-20 21:10:02,823 Stage-1 map = 68%,  reduce = 0%, Cumulative CPU 400.4 sec
2015-09-20 21:10:03,886 Stage-1 map = 70%,  reduce = 0%, Cumulative CPU 404.5 sec
2015-09-20 21:10:04,951 Stage-1 map = 74%,  reduce = 0%, Cumulative CPU 417.6 sec
2015-09-20 21:10:06,022 Stage-1 map = 77%,  reduce = 0%, Cumulative CPU 434.37 sec
2015-09-20 21:10:07,086 Stage-1 map = 80%,  reduce = 0%, Cumulative CPU 441.72 sec
2015-09-20 21:10:08,152 Stage-1 map = 85%,  reduce = 0%, Cumulative CPU 454.42 sec
2015-09-20 21:10:09,233 Stage-1 map = 92%,  reduce = 0%, Cumulative CPU 472.53 sec
2015-09-20 21:10:10,302 Stage-1 map = 98%,  reduce = 0%, Cumulative CPU 487.33 sec
2015-09-20 21:10:11,380 Stage-1 map = 99%,  reduce = 0%, Cumulative CPU 487.82 sec
2015-09-20 21:10:12,445 Stage-1 map = 100%,  reduce = 0%, Cumulative CPU 489.07 sec
2015-09-20 21:10:23,081 Stage-1 map = 100%,  reduce = 8%, Cumulative CPU 505.87 sec
2015-09-20 21:10:24,165 Stage-1 map = 100%,  reduce = 10%, Cumulative CPU 511.1 sec
2015-09-20 21:10:25,250 Stage-1 map = 100%,  reduce = 19%, Cumulative CPU 530.83 sec
2015-09-20 21:10:26,345 Stage-1 map = 100%,  reduce = 33%, Cumulative CPU 569.8 sec
2015-09-20 21:10:27,447 Stage-1 map = 100%,  reduce = 39%, Cumulative CPU 591.36 sec
2015-09-20 21:10:28,553 Stage-1 map = 100%,  reduce = 42%, Cumulative CPU 603.67 sec
2015-09-20 21:10:29,637 Stage-1 map = 100%,  reduce = 46%, Cumulative CPU 619.2 sec
2015-09-20 21:10:30,724 Stage-1 map = 100%,  reduce = 50%, Cumulative CPU 632.94 sec
2015-09-20 21:10:36,040 Stage-1 map = 100%,  reduce = 53%, Cumulative CPU 640.25 sec
2015-09-20 21:10:37,132 Stage-1 map = 100%,  reduce = 56%, Cumulative CPU 648.26 sec
2015-09-20 21:10:38,227 Stage-1 map = 100%,  reduce = 61%, Cumulative CPU 662.24 sec
2015-09-20 21:10:39,304 Stage-1 map = 100%,  reduce = 67%, Cumulative CPU 678.21 sec
2015-09-20 21:10:40,392 Stage-1 map = 100%,  reduce = 70%, Cumulative CPU 687.53 sec
2015-09-20 21:10:41,463 Stage-1 map = 100%,  reduce = 83%, Cumulative CPU 721.65 sec
2015-09-20 21:10:42,535 Stage-1 map = 100%,  reduce = 87%, Cumulative CPU 735.28 sec
2015-09-20 21:10:43,603 Stage-1 map = 100%,  reduce = 95%, Cumulative CPU 756.92 sec
2015-09-20 21:10:44,654 Stage-1 map = 100%,  reduce = 99%, Cumulative CPU 771.04 sec
2015-09-20 21:10:45,714 Stage-1 map = 100%,  reduce = 100%, Cumulative CPU 775.13 sec
MapReduce Total cumulative CPU time: 12 minutes 55 seconds 130 msec
Ended Job = job_1442094837470_0117
SLF4J: Class path contains multiple SLF4J bindings.
SLF4J: Found binding in [jar:file:/home/ubuntu/software/tez-0.7.1-SNAPSHOT-minimal/lib/slf4j-log4j12-1.7.5.jar!/org/slf4j/impl/StaticLoggerBinder.class]
SLF4J: Found binding in [jar:file:/home/ubuntu/software/hadoop-2.6.0/share/hadoop/common/lib/slf4j-log4j12-1.7.5.jar!/org/slf4j/impl/StaticLoggerBinder.class]
SLF4J: See http://www.slf4j.org/codes.html#multiple_bindings for an explanation.
SLF4J: Actual binding is of type [org.slf4j.impl.Log4jLoggerFactory]
Execution log at: /tmp/ubuntu/ubuntu_20150920210856_fae48896-39fc-4d6a-83db-093292a2354f.log
2015-09-20 21:10:51	Starting to launch local task to process map join;	maximum memory = 932184064
2015-09-20 21:10:53	Dump the side-table for tag: 1 with group count: 876 into file: file:/tmp/ubuntu/c94da1da-4dc5-4c1c-b9aa-3c8e86324695/hive_2015-09-20_21-08-56_385_50586740710234743-1/-local-10030/HashTable-Stage-30/MapJoin-mapfile91--.hashtable
2015-09-20 21:10:53	Uploaded 1 File to: file:/tmp/ubuntu/c94da1da-4dc5-4c1c-b9aa-3c8e86324695/hive_2015-09-20_21-08-56_385_50586740710234743-1/-local-10030/HashTable-Stage-30/MapJoin-mapfile91--.hashtable (17481 bytes)
2015-09-20 21:10:53	End of local task; Time Taken: 2.019 sec.
Execution completed successfully
MapredLocal task succeeded
Launching Job 2 out of 16
Number of reduce tasks is set to 0 since there's no reduce operator
Starting Job = job_1442094837470_0118, Tracking URL = http://vm-1:8088/proxy/application_1442094837470_0118/
Kill Command = /home/ubuntu/software/hadoop-2.6.0/bin/hadoop job  -kill job_1442094837470_0118
Hadoop job information for Stage-30: number of mappers: 4; number of reducers: 0
2015-09-20 21:11:02,234 Stage-30 map = 0%,  reduce = 0%
2015-09-20 21:11:16,022 Stage-30 map = 22%,  reduce = 0%, Cumulative CPU 27.3 sec
2015-09-20 21:11:18,152 Stage-30 map = 28%,  reduce = 0%, Cumulative CPU 30.39 sec
2015-09-20 21:11:19,222 Stage-30 map = 56%,  reduce = 0%, Cumulative CPU 39.86 sec
2015-09-20 21:11:21,336 Stage-30 map = 100%,  reduce = 0%, Cumulative CPU 51.26 sec
MapReduce Total cumulative CPU time: 51 seconds 260 msec
Ended Job = job_1442094837470_0118
Stage-41 is filtered out by condition resolver.
Stage-42 is filtered out by condition resolver.
Stage-3 is selected by condition resolver.
Launching Job 3 out of 16
Number of reduce tasks not specified. Estimated from input data size: 2
In order to change the average load for a reducer (in bytes):
  set hive.exec.reducers.bytes.per.reducer=<number>
In order to limit the maximum number of reducers:
  set hive.exec.reducers.max=<number>
In order to set a constant number of reducers:
  set mapreduce.job.reduces=<number>
Starting Job = job_1442094837470_0119, Tracking URL = http://vm-1:8088/proxy/application_1442094837470_0119/
Kill Command = /home/ubuntu/software/hadoop-2.6.0/bin/hadoop job  -kill job_1442094837470_0119
Hadoop job information for Stage-3: number of mappers: 5; number of reducers: 2
2015-09-20 21:11:30,896 Stage-3 map = 0%,  reduce = 0%
2015-09-20 21:11:42,368 Stage-3 map = 20%,  reduce = 0%, Cumulative CPU 7.36 sec
2015-09-20 21:11:44,516 Stage-3 map = 60%,  reduce = 0%, Cumulative CPU 33.31 sec
2015-09-20 21:11:45,594 Stage-3 map = 80%,  reduce = 0%, Cumulative CPU 37.2 sec
2015-09-20 21:11:49,843 Stage-3 map = 83%,  reduce = 0%, Cumulative CPU 43.15 sec
2015-09-20 21:11:52,983 Stage-3 map = 87%,  reduce = 0%, Cumulative CPU 46.29 sec
2015-09-20 21:11:59,265 Stage-3 map = 90%,  reduce = 0%, Cumulative CPU 52.46 sec
2015-09-20 21:12:02,439 Stage-3 map = 93%,  reduce = 0%, Cumulative CPU 55.59 sec
2015-09-20 21:12:13,000 Stage-3 map = 100%,  reduce = 0%, Cumulative CPU 66.08 sec
2015-09-20 21:12:24,514 Stage-3 map = 100%,  reduce = 67%, Cumulative CPU 82.15 sec
2015-09-20 21:12:27,667 Stage-3 map = 100%,  reduce = 72%, Cumulative CPU 88.8 sec
2015-09-20 21:12:30,814 Stage-3 map = 100%,  reduce = 77%, Cumulative CPU 95.29 sec
2015-09-20 21:12:32,917 Stage-3 map = 100%,  reduce = 83%, Cumulative CPU 101.7 sec
2015-09-20 21:12:36,076 Stage-3 map = 100%,  reduce = 88%, Cumulative CPU 108.07 sec
2015-09-20 21:12:39,226 Stage-3 map = 100%,  reduce = 93%, Cumulative CPU 114.47 sec
2015-09-20 21:12:42,383 Stage-3 map = 100%,  reduce = 98%, Cumulative CPU 120.98 sec
2015-09-20 21:12:43,453 Stage-3 map = 100%,  reduce = 99%, Cumulative CPU 121.65 sec
2015-09-20 21:12:44,513 Stage-3 map = 100%,  reduce = 100%, Cumulative CPU 123.26 sec
MapReduce Total cumulative CPU time: 2 minutes 3 seconds 260 msec
Ended Job = job_1442094837470_0119
Stage-39 is filtered out by condition resolver.
Stage-40 is filtered out by condition resolver.
Stage-4 is selected by condition resolver.
Launching Job 4 out of 16
Number of reduce tasks not specified. Estimated from input data size: 2
In order to change the average load for a reducer (in bytes):
  set hive.exec.reducers.bytes.per.reducer=<number>
In order to limit the maximum number of reducers:
  set hive.exec.reducers.max=<number>
In order to set a constant number of reducers:
  set mapreduce.job.reduces=<number>
Starting Job = job_1442094837470_0120, Tracking URL = http://vm-1:8088/proxy/application_1442094837470_0120/
Kill Command = /home/ubuntu/software/hadoop-2.6.0/bin/hadoop job  -kill job_1442094837470_0120
Hadoop job information for Stage-4: number of mappers: 6; number of reducers: 2
2015-09-20 21:12:53,021 Stage-4 map = 0%,  reduce = 0%
2015-09-20 21:13:03,657 Stage-4 map = 17%,  reduce = 0%, Cumulative CPU 5.96 sec
2015-09-20 21:13:04,738 Stage-4 map = 33%,  reduce = 0%, Cumulative CPU 12.37 sec
2015-09-20 21:13:06,868 Stage-4 map = 56%,  reduce = 0%, Cumulative CPU 38.79 sec
2015-09-20 21:13:07,916 Stage-4 map = 67%,  reduce = 0%, Cumulative CPU 41.67 sec
2015-09-20 21:13:18,351 Stage-4 map = 77%,  reduce = 0%, Cumulative CPU 63.37 sec
2015-09-20 21:13:19,403 Stage-4 map = 87%,  reduce = 0%, Cumulative CPU 66.62 sec
2015-09-20 21:13:21,543 Stage-4 map = 89%,  reduce = 0%, Cumulative CPU 73.22 sec
2015-09-20 21:13:22,622 Stage-4 map = 100%,  reduce = 0%, Cumulative CPU 75.02 sec
2015-09-20 21:13:34,136 Stage-4 map = 100%,  reduce = 67%, Cumulative CPU 87.27 sec
2015-09-20 21:13:37,272 Stage-4 map = 100%,  reduce = 70%, Cumulative CPU 95.53 sec
2015-09-20 21:13:40,412 Stage-4 map = 100%,  reduce = 75%, Cumulative CPU 102.04 sec
2015-09-20 21:13:43,551 Stage-4 map = 100%,  reduce = 79%, Cumulative CPU 108.52 sec
2015-09-20 21:13:46,690 Stage-4 map = 100%,  reduce = 84%, Cumulative CPU 114.9 sec
2015-09-20 21:13:49,830 Stage-4 map = 100%,  reduce = 88%, Cumulative CPU 121.34 sec
2015-09-20 21:13:52,978 Stage-4 map = 100%,  reduce = 93%, Cumulative CPU 127.84 sec
2015-09-20 21:13:56,126 Stage-4 map = 100%,  reduce = 97%, Cumulative CPU 134.3 sec
2015-09-20 21:13:57,187 Stage-4 map = 100%,  reduce = 98%, Cumulative CPU 135.53 sec
2015-09-20 21:13:58,251 Stage-4 map = 100%,  reduce = 100%, Cumulative CPU 138.25 sec
MapReduce Total cumulative CPU time: 2 minutes 18 seconds 250 msec
Ended Job = job_1442094837470_0120
Stage-37 is filtered out by condition resolver.
Stage-38 is filtered out by condition resolver.
Stage-5 is selected by condition resolver.
Launching Job 5 out of 16
Number of reduce tasks not specified. Estimated from input data size: 2
In order to change the average load for a reducer (in bytes):
  set hive.exec.reducers.bytes.per.reducer=<number>
In order to limit the maximum number of reducers:
  set hive.exec.reducers.max=<number>
In order to set a constant number of reducers:
  set mapreduce.job.reduces=<number>
Starting Job = job_1442094837470_0121, Tracking URL = http://vm-1:8088/proxy/application_1442094837470_0121/
Kill Command = /home/ubuntu/software/hadoop-2.6.0/bin/hadoop job  -kill job_1442094837470_0121
Hadoop job information for Stage-5: number of mappers: 3; number of reducers: 2
2015-09-20 21:14:06,633 Stage-5 map = 0%,  reduce = 0%
2015-09-20 21:14:18,871 Stage-5 map = 33%,  reduce = 0%, Cumulative CPU 6.29 sec
2015-09-20 21:14:31,520 Stage-5 map = 68%,  reduce = 0%, Cumulative CPU 45.37 sec
2015-09-20 21:14:34,707 Stage-5 map = 78%,  reduce = 0%, Cumulative CPU 51.72 sec
2015-09-20 21:14:36,841 Stage-5 map = 100%,  reduce = 0%, Cumulative CPU 55.71 sec
2015-09-20 21:14:48,470 Stage-5 map = 100%,  reduce = 67%, Cumulative CPU 67.3 sec
2015-09-20 21:14:51,626 Stage-5 map = 100%,  reduce = 71%, Cumulative CPU 75.46 sec
2015-09-20 21:14:54,775 Stage-5 map = 100%,  reduce = 75%, Cumulative CPU 82.08 sec
2015-09-20 21:14:57,924 Stage-5 map = 100%,  reduce = 80%, Cumulative CPU 88.58 sec
2015-09-20 21:15:01,066 Stage-5 map = 100%,  reduce = 85%, Cumulative CPU 95.09 sec
2015-09-20 21:15:03,167 Stage-5 map = 100%,  reduce = 87%, Cumulative CPU 98.33 sec
2015-09-20 21:15:04,230 Stage-5 map = 100%,  reduce = 89%, Cumulative CPU 101.64 sec
2015-09-20 21:15:06,328 Stage-5 map = 100%,  reduce = 92%, Cumulative CPU 104.88 sec
2015-09-20 21:15:07,390 Stage-5 map = 100%,  reduce = 94%, Cumulative CPU 108.16 sec
2015-09-20 21:15:09,500 Stage-5 map = 100%,  reduce = 96%, Cumulative CPU 111.61 sec
2015-09-20 21:15:10,564 Stage-5 map = 100%,  reduce = 99%, Cumulative CPU 114.82 sec
2015-09-20 21:15:11,627 Stage-5 map = 100%,  reduce = 100%, Cumulative CPU 116.67 sec
MapReduce Total cumulative CPU time: 1 minutes 56 seconds 670 msec
Ended Job = job_1442094837470_0121
Stage-35 is selected by condition resolver.
Stage-36 is filtered out by condition resolver.
Stage-6 is filtered out by condition resolver.
SLF4J: Class path contains multiple SLF4J bindings.
SLF4J: Found binding in [jar:file:/home/ubuntu/software/tez-0.7.1-SNAPSHOT-minimal/lib/slf4j-log4j12-1.7.5.jar!/org/slf4j/impl/StaticLoggerBinder.class]
SLF4J: Found binding in [jar:file:/home/ubuntu/software/hadoop-2.6.0/share/hadoop/common/lib/slf4j-log4j12-1.7.5.jar!/org/slf4j/impl/StaticLoggerBinder.class]
SLF4J: See http://www.slf4j.org/codes.html#multiple_bindings for an explanation.
SLF4J: Actual binding is of type [org.slf4j.impl.Log4jLoggerFactory]
Execution log at: /tmp/ubuntu/ubuntu_20150920210856_fae48896-39fc-4d6a-83db-093292a2354f.log
2015-09-20 21:15:19	Starting to launch local task to process map join;	maximum memory = 932184064
2015-09-20 21:15:21	Dump the side-table for tag: 1 with group count: 365 into file: file:/tmp/ubuntu/c94da1da-4dc5-4c1c-b9aa-3c8e86324695/hive_2015-09-20_21-08-56_385_50586740710234743-1/-local-10014/HashTable-Stage-18/MapJoin-mapfile11--.hashtable
2015-09-20 21:15:22	Uploaded 1 File to: file:/tmp/ubuntu/c94da1da-4dc5-4c1c-b9aa-3c8e86324695/hive_2015-09-20_21-08-56_385_50586740710234743-1/-local-10014/HashTable-Stage-18/MapJoin-mapfile11--.hashtable (7963 bytes)
2015-09-20 21:15:22	End of local task; Time Taken: 3.067 sec.
Execution completed successfully
MapredLocal task succeeded
Launching Job 7 out of 16
Number of reduce tasks is set to 0 since there's no reduce operator
Starting Job = job_1442094837470_0122, Tracking URL = http://vm-1:8088/proxy/application_1442094837470_0122/
Kill Command = /home/ubuntu/software/hadoop-2.6.0/bin/hadoop job  -kill job_1442094837470_0122
Hadoop job information for Stage-18: number of mappers: 2; number of reducers: 0
2015-09-20 21:15:31,499 Stage-18 map = 0%,  reduce = 0%
2015-09-20 21:15:48,386 Stage-18 map = 64%,  reduce = 0%, Cumulative CPU 29.41 sec
2015-09-20 21:15:50,541 Stage-18 map = 100%,  reduce = 0%, Cumulative CPU 32.11 sec
MapReduce Total cumulative CPU time: 32 seconds 110 msec
Ended Job = job_1442094837470_0122
SLF4J: Class path contains multiple SLF4J bindings.
SLF4J: Found binding in [jar:file:/home/ubuntu/software/tez-0.7.1-SNAPSHOT-minimal/lib/slf4j-log4j12-1.7.5.jar!/org/slf4j/impl/StaticLoggerBinder.class]
SLF4J: Found binding in [jar:file:/home/ubuntu/software/hadoop-2.6.0/share/hadoop/common/lib/slf4j-log4j12-1.7.5.jar!/org/slf4j/impl/StaticLoggerBinder.class]
SLF4J: See http://www.slf4j.org/codes.html#multiple_bindings for an explanation.
SLF4J: Actual binding is of type [org.slf4j.impl.Log4jLoggerFactory]
Execution log at: /tmp/ubuntu/ubuntu_20150920210856_fae48896-39fc-4d6a-83db-093292a2354f.log
2015-09-20 21:15:56	Starting to launch local task to process map join;	maximum memory = 932184064
2015-09-20 21:15:58	Dump the side-table for tag: 1 with group count: 39 into file: file:/tmp/ubuntu/c94da1da-4dc5-4c1c-b9aa-3c8e86324695/hive_2015-09-20_21-08-56_385_50586740710234743-1/-local-10012/HashTable-Stage-8/MapJoin-mapfile01--.hashtable
2015-09-20 21:15:58	Uploaded 1 File to: file:/tmp/ubuntu/c94da1da-4dc5-4c1c-b9aa-3c8e86324695/hive_2015-09-20_21-08-56_385_50586740710234743-1/-local-10012/HashTable-Stage-8/MapJoin-mapfile01--.hashtable (1662 bytes)
2015-09-20 21:15:58	End of local task; Time Taken: 1.73 sec.
Execution completed successfully
MapredLocal task succeeded
Launching Job 8 out of 16
Number of reduce tasks not specified. Estimated from input data size: 1
In order to change the average load for a reducer (in bytes):
  set hive.exec.reducers.bytes.per.reducer=<number>
In order to limit the maximum number of reducers:
  set hive.exec.reducers.max=<number>
In order to set a constant number of reducers:
  set mapreduce.job.reduces=<number>
Starting Job = job_1442094837470_0123, Tracking URL = http://vm-1:8088/proxy/application_1442094837470_0123/
Kill Command = /home/ubuntu/software/hadoop-2.6.0/bin/hadoop job  -kill job_1442094837470_0123
Hadoop job information for Stage-8: number of mappers: 1; number of reducers: 1
2015-09-20 21:16:06,386 Stage-8 map = 0%,  reduce = 0%
2015-09-20 21:16:21,062 Stage-8 map = 33%,  reduce = 0%, Cumulative CPU 10.91 sec
2015-09-20 21:16:24,271 Stage-8 map = 100%,  reduce = 0%, Cumulative CPU 13.94 sec
2015-09-20 21:16:31,738 Stage-8 map = 100%,  reduce = 100%, Cumulative CPU 16.38 sec
MapReduce Total cumulative CPU time: 16 seconds 380 msec
Ended Job = job_1442094837470_0123
Launching Job 9 out of 16
Number of reduce tasks determined at compile time: 1
In order to change the average load for a reducer (in bytes):
  set hive.exec.reducers.bytes.per.reducer=<number>
In order to limit the maximum number of reducers:
  set hive.exec.reducers.max=<number>
In order to set a constant number of reducers:
  set mapreduce.job.reduces=<number>
Starting Job = job_1442094837470_0124, Tracking URL = http://vm-1:8088/proxy/application_1442094837470_0124/
Kill Command = /home/ubuntu/software/hadoop-2.6.0/bin/hadoop job  -kill job_1442094837470_0124
Hadoop job information for Stage-9: number of mappers: 1; number of reducers: 1
2015-09-20 21:16:40,069 Stage-9 map = 0%,  reduce = 0%
2015-09-20 21:16:47,540 Stage-9 map = 100%,  reduce = 0%, Cumulative CPU 2.09 sec
2015-09-20 21:16:55,010 Stage-9 map = 100%,  reduce = 100%, Cumulative CPU 3.86 sec
MapReduce Total cumulative CPU time: 3 seconds 860 msec
Ended Job = job_1442094837470_0124
MapReduce Jobs Launched: 
Stage-Stage-1: Map: 30  Reduce: 32   Cumulative CPU: 775.13 sec   HDFS Read: 8124263781 HDFS Write: 226967742 SUCCESS
Stage-Stage-30: Map: 4   Cumulative CPU: 51.26 sec   HDFS Read: 227005630 HDFS Write: 235481511 SUCCESS
Stage-Stage-3: Map: 5  Reduce: 2   Cumulative CPU: 123.26 sec   HDFS Read: 316193683 HDFS Write: 293830122 SUCCESS
Stage-Stage-4: Map: 6  Reduce: 2   Cumulative CPU: 138.25 sec   HDFS Read: 374559919 HDFS Write: 348836352 SUCCESS
Stage-Stage-5: Map: 3  Reduce: 2   Cumulative CPU: 116.67 sec   HDFS Read: 391387649 HDFS Write: 419920553 SUCCESS
Stage-Stage-18: Map: 2   Cumulative CPU: 32.11 sec   HDFS Read: 419946827 HDFS Write: 85556547 SUCCESS
Stage-Stage-8: Map: 1  Reduce: 1   Cumulative CPU: 16.38 sec   HDFS Read: 85590154 HDFS Write: 1858 SUCCESS
Stage-Stage-9: Map: 1  Reduce: 1   Cumulative CPU: 3.86 sec   HDFS Read: 7063 HDFS Write: 1783 SUCCESS
Total MapReduce CPU Time Spent: 20 minutes 56 seconds 920 msec
OK
Time taken: 479.866 seconds, Fetched: 32 row(s)
81.10user 8.70system 8:14.36elapsed 18%CPU (0avgtext+0avgdata 868396maxresident)k
112512inputs+494224outputs (110major+300947minor)pagefaults 0swaps
